\BOOKMARK [0][-]{chapter*.1}{\376\377\000P\000r\000e\000f\000a\000c\000e}{}% 1
\BOOKMARK [0][-]{chapter*.2}{\376\377\000C\000o\000n\000t\000e\000n\000t\000s}{}% 2
\BOOKMARK [0][-]{chapter*.3}{\376\377\000L\000i\000s\000t\000\040\000o\000f\000\040\000F\000i\000g\000u\000r\000e\000s}{}% 3
\BOOKMARK [0][-]{chapter*.4}{\376\377\000L\000i\000s\000t\000\040\000o\000f\000\040\000T\000a\000b\000l\000e\000s}{}% 4
\BOOKMARK [0][-]{chapter.0.1}{\376\377\000\040\000I\000n\000t\000r\000o\000d\000u\000c\000t\000i\000o\000n\000\040}{}% 5
\BOOKMARK [1][-]{section.0.1.1}{\376\377\000\040\000O\000v\000e\000r\000v\000i\000e\000w\000\040}{chapter.0.1}% 6
\BOOKMARK [1][-]{section.0.1.2}{\376\377\000\040\000I\000n\000t\000r\000o\000d\000u\000c\000t\000i\000o\000n\000\040\000t\000o\000\040\000t\000h\000e\000\040\000C\000o\000u\000r\000s\000e\000\040}{chapter.0.1}% 7
\BOOKMARK [0][-]{chapter.0.2}{\376\377\000\040\000C\000o\000r\000n\000e\000r\000s\000t\000o\000n\000e\000s\000\040\000o\000f\000\040\000O\000b\000j\000e\000c\000t\000-\000O\000r\000i\000e\000n\000t\000e\000d\000\040\000P\000r\000o\000g\000r\000a\000m\000m\000i\000n\000g\000\040}{}% 8
\BOOKMARK [1][-]{section.0.2.1}{\376\377\000\040\000B\000a\000c\000k\000g\000r\000o\000u\000n\000d\000\040\000o\000f\000\040\000O\000b\000j\000e\000c\000t\000-\000O\000r\000i\000e\000n\000t\000e\000d\000\040\000P\000r\000o\000g\000r\000a\000m\000m\000i\000n\000g\000\040\000\050\000O\000O\000P\000\051\000\040}{chapter.0.2}% 9
\BOOKMARK [1][-]{section.0.2.2}{\376\377\000\040\000E\000n\000c\000a\000p\000s\000u\000l\000a\000t\000i\000o\000n\000\040}{chapter.0.2}% 10
\BOOKMARK [1][-]{section.0.2.3}{\376\377\000\040\000A\000b\000s\000t\000r\000a\000c\000t\000i\000o\000n\000\040}{chapter.0.2}% 11
\BOOKMARK [1][-]{section.0.2.4}{\376\377\000\040\000I\000n\000h\000e\000r\000i\000t\000a\000n\000c\000e\000\040}{chapter.0.2}% 12
\BOOKMARK [1][-]{section.0.2.5}{\376\377\000\040\000G\000e\000n\000e\000r\000a\000l\000i\000z\000a\000t\000i\000o\000n\000\040}{chapter.0.2}% 13
\BOOKMARK [1][-]{section.0.2.6}{\376\377\000\040\000P\000o\000l\000y\000m\000o\000r\000p\000h\000i\000s\000m\000\040}{chapter.0.2}% 14
\BOOKMARK [1][-]{section.0.2.7}{\376\377\000\040\000Q\000u\000i\000z\000:\000\040\000O\000b\000j\000e\000c\000t\000-\000O\000r\000i\000e\000n\000t\000e\000d\000\040\000B\000a\000s\000i\000c\000s\000\040}{chapter.0.2}% 15
\BOOKMARK [0][-]{chapter.0.3}{\376\377\000\040\000O\000b\000j\000e\000c\000t\000-\000O\000r\000i\000e\000n\000t\000e\000d\000\040\000D\000e\000s\000i\000g\000n\000\040}{}% 16
\BOOKMARK [1][-]{section.0.3.1}{\376\377\000\040\000I\000n\000t\000r\000o\000d\000u\000c\000t\000i\000o\000n\000\040\000t\000o\000\040\000O\000b\000j\000e\000c\000t\000-\000O\000r\000i\000e\000n\000t\000e\000d\000\040\000A\000n\000a\000l\000y\000s\000i\000s\000\040\000a\000n\000d\000\040\000D\000e\000s\000i\000g\000n\000\040\000\050\000O\000O\000A\000D\000\051\000\040}{chapter.0.3}% 17
\BOOKMARK [1][-]{section.0.3.2}{\376\377\000\040\000I\000n\000t\000r\000o\000d\000u\000c\000t\000i\000o\000n\000\040\000t\000o\000\040\000t\000h\000e\000\040\000U\000n\000i\000f\000i\000e\000d\000\040\000M\000o\000d\000e\000l\000i\000n\000g\000\040\000L\000a\000n\000g\000u\000a\000g\000e\000\040}{chapter.0.3}% 18
\BOOKMARK [1][-]{section.0.3.3}{\376\377\000\040\000T\000y\000p\000e\000s\000\040\000o\000f\000\040\000U\000M\000L\000\040\000D\000i\000a\000g\000r\000a\000m\000s\000\040}{chapter.0.3}% 19
\BOOKMARK [1][-]{section.0.3.4}{\376\377\000\040\000U\000s\000e\000\040\000C\000a\000s\000e\000\040\000D\000i\000a\000g\000r\000a\000m\000\040}{chapter.0.3}% 20
\BOOKMARK [1][-]{section.0.3.5}{\376\377\000\040\000C\000l\000a\000s\000s\000\040\000D\000i\000a\000g\000r\000a\000m\000\040}{chapter.0.3}% 21
\BOOKMARK [1][-]{section.0.3.6}{\376\377\000\040\000S\000e\000q\000u\000e\000n\000c\000e\000\040\000D\000i\000a\000g\000r\000a\000m\000\040}{chapter.0.3}% 22
\BOOKMARK [1][-]{section.0.3.7}{\376\377\000\040\000A\000c\000t\000i\000v\000i\000t\000y\000\040\000D\000i\000a\000g\000r\000a\000m\000\040}{chapter.0.3}% 23
\BOOKMARK [1][-]{section.0.3.8}{\376\377\000\040\000Q\000u\000i\000z\000:\000\040\000O\000b\000j\000e\000c\000t\000-\000O\000r\000i\000e\000n\000t\000e\000d\000\040\000D\000e\000s\000i\000g\000n\000\040}{chapter.0.3}% 24
\BOOKMARK [0][-]{chapter.0.4}{\376\377\000\040\000O\000b\000j\000e\000c\000t\000-\000O\000r\000i\000e\000n\000t\000e\000d\000\040\000D\000e\000s\000i\000g\000n\000\040\000P\000r\000i\000n\000c\000i\000p\000l\000e\000s\000\040}{}% 25
\BOOKMARK [1][-]{section.0.4.1}{\376\377\000\040\000I\000n\000t\000r\000o\000d\000u\000c\000t\000i\000o\000n\000\040\000t\000o\000\040\000S\000O\000L\000I\000D\000\040\000D\000e\000s\000i\000g\000n\000\040\000P\000r\000i\000n\000c\000i\000p\000l\000e\000s\000\040}{chapter.0.4}% 26
\BOOKMARK [1][-]{section.0.4.2}{\376\377\000\040\000S\000O\000L\000I\000D\000:\000\040\000S\000i\000n\000g\000l\000e\000\040\000R\000e\000s\000p\000o\000n\000s\000i\000b\000i\000l\000i\000t\000y\000\040\000P\000r\000i\000n\000c\000i\000p\000l\000e\000\040}{chapter.0.4}% 27
\BOOKMARK [1][-]{section.0.4.3}{\376\377\000\040\000S\000O\000L\000I\000D\000:\000\040\000O\000p\000e\000n\000\040\000C\000l\000o\000s\000e\000d\000\040\000P\000r\000i\000n\000c\000i\000p\000l\000e\000\040}{chapter.0.4}% 28
\BOOKMARK [1][-]{section.0.4.4}{\376\377\000\040\000S\000O\000L\000I\000D\000:\000\040\000L\000i\000s\000k\000o\000v\000\040\000S\000u\000b\000s\000t\000i\000t\000u\000t\000i\000o\000n\000\040\000P\000r\000i\000n\000c\000i\000p\000l\000e\000\040}{chapter.0.4}% 29
\BOOKMARK [1][-]{section.0.4.5}{\376\377\000\040\000S\000O\000L\000I\000D\000:\000\040\000I\000n\000t\000e\000r\000f\000a\000c\000e\000\040\000S\000e\000g\000r\000e\000g\000a\000t\000i\000o\000n\000\040\000P\000r\000i\000n\000c\000i\000p\000l\000e\000\040}{chapter.0.4}% 30
\BOOKMARK [1][-]{section.0.4.6}{\376\377\000\040\000S\000O\000L\000I\000D\000:\000\040\000D\000e\000p\000e\000n\000d\000e\000n\000c\000y\000\040\000I\000n\000v\000e\000r\000s\000i\000o\000n\000\040\000P\000r\000i\000n\000c\000i\000p\000l\000e\000\040}{chapter.0.4}% 31
\BOOKMARK [1][-]{section.0.4.7}{\376\377\000\040\000Q\000u\000i\000z\000:\000\040\000O\000b\000j\000e\000c\000t\000-\000O\000r\000i\000e\000n\000t\000e\000d\000\040\000D\000e\000s\000i\000g\000n\000\040\000P\000r\000i\000n\000c\000i\000p\000l\000e\000s\000\040}{chapter.0.4}% 32
\BOOKMARK [0][-]{chapter.0.5}{\376\377\000\040\000D\000e\000s\000i\000g\000n\000\040\000P\000a\000t\000t\000e\000r\000n\000s\000\040}{}% 33
\BOOKMARK [1][-]{section.0.5.1}{\376\377\000\040\000I\000n\000t\000r\000o\000d\000u\000c\000t\000i\000o\000n\000\040\000t\000o\000\040\000t\000h\000e\000\040\000D\000e\000s\000i\000g\000n\000\040\000P\000a\000t\000t\000e\000r\000n\000s\000\040}{chapter.0.5}% 34
\BOOKMARK [1][-]{section.0.5.2}{\376\377\000\040\000C\000l\000a\000s\000s\000i\000f\000i\000c\000a\000t\000i\000o\000n\000\040\000o\000f\000\040\000D\000e\000s\000i\000g\000n\000\040\000P\000a\000t\000t\000e\000r\000n\000s\000\040}{chapter.0.5}% 35
\BOOKMARK [1][-]{section.0.5.3}{\376\377\000\040\000C\000r\000e\000a\000t\000i\000o\000n\000a\000l\000\040\000D\000e\000s\000i\000g\000n\000\040\000P\000a\000t\000t\000e\000r\000n\000s\000\040}{chapter.0.5}% 36
\BOOKMARK [1][-]{section.0.5.4}{\376\377\000\040\000S\000t\000r\000u\000c\000t\000u\000r\000a\000l\000\040\000D\000e\000s\000i\000g\000n\000\040\000P\000a\000t\000t\000e\000r\000n\000s\000\040}{chapter.0.5}% 37
\BOOKMARK [1][-]{section.0.5.5}{\376\377\000\040\000B\000e\000h\000a\000v\000i\000o\000r\000a\000l\000\040\000D\000e\000s\000i\000g\000n\000\040\000P\000a\000t\000t\000e\000r\000n\000s\000\040}{chapter.0.5}% 38
\BOOKMARK [1][-]{section.0.5.6}{\376\377\000\040\000A\000r\000c\000h\000i\000t\000e\000c\000t\000u\000r\000a\000l\000\040\000D\000e\000s\000i\000g\000n\000\040\000P\000a\000t\000t\000e\000r\000n\000s\000\040}{chapter.0.5}% 39
\BOOKMARK [1][-]{section.0.5.7}{\376\377\000\040\000Q\000u\000i\000z\000:\000\040\000D\000e\000s\000i\000g\000n\000\040\000P\000a\000t\000t\000e\000r\000n\000s\000\040}{chapter.0.5}% 40
\BOOKMARK [0][-]{chapter.0.6}{\376\377\000\040\000R\000e\000a\000l\000-\000W\000o\000r\000l\000d\000\040\000D\000e\000s\000i\000g\000n\000\040\000P\000r\000o\000b\000l\000e\000m\000s\000\040}{}% 41
\BOOKMARK [1][-]{section.0.6.1}{\376\377\000\040\000A\000n\000\040\000A\000p\000p\000r\000o\000a\000c\000h\000\040\000t\000o\000\040\000S\000o\000l\000v\000e\000\040\000a\000\040\000R\000e\000a\000l\000-\000W\000o\000r\000l\000d\000\040\000P\000r\000o\000b\000l\000e\000m\000\040}{chapter.0.6}% 42
\BOOKMARK [0][-]{chapter.0.7}{\376\377\000\040\000D\000e\000s\000i\000g\000n\000i\000n\000g\000\040\000a\000\040\000P\000a\000r\000k\000i\000n\000g\000\040\000L\000o\000t\000\040}{}% 43
\BOOKMARK [1][-]{section.0.7.1}{\376\377\000\040\000G\000e\000t\000t\000i\000n\000g\000\040\000R\000e\000a\000d\000y\000:\000\040\000P\000a\000r\000k\000i\000n\000g\000\040\000L\000o\000t\000\040}{chapter.0.7}% 44
\BOOKMARK [1][-]{section.0.7.2}{\376\377\000\040\000R\000e\000q\000u\000i\000r\000e\000m\000e\000n\000t\000s\000\040\000f\000o\000r\000\040\000t\000h\000e\000\040\000P\000a\000r\000k\000i\000n\000g\000\040\000L\000o\000t\000\040\000D\000e\000s\000i\000g\000n\000\040}{chapter.0.7}% 45
\BOOKMARK [1][-]{section.0.7.3}{\376\377\000\040\000U\000s\000e\000\040\000C\000a\000s\000e\000\040\000D\000i\000a\000g\000r\000a\000m\000\040\000f\000o\000r\000\040\000t\000h\000e\000\040\000P\000a\000r\000k\000i\000n\000g\000\040\000L\000o\000t\000\040}{chapter.0.7}% 46
\BOOKMARK [1][-]{section.0.7.4}{\376\377\000\040\000C\000l\000a\000s\000s\000\040\000D\000i\000a\000g\000r\000a\000m\000\040\000f\000o\000r\000\040\000t\000h\000e\000\040\000P\000a\000r\000k\000i\000n\000g\000\040\000L\000o\000t\000\040}{chapter.0.7}% 47
\BOOKMARK [1][-]{section.0.7.5}{\376\377\000\040\000S\000e\000q\000u\000e\000n\000c\000e\000\040\000D\000i\000a\000g\000r\000a\000m\000\040\000f\000o\000r\000\040\000t\000h\000e\000\040\000P\000a\000r\000k\000i\000n\000g\000\040\000L\000o\000t\000\040}{chapter.0.7}% 48
\BOOKMARK [1][-]{section.0.7.6}{\376\377\000\040\000A\000c\000t\000i\000v\000i\000t\000y\000\040\000D\000i\000a\000g\000r\000a\000m\000\040\000f\000o\000r\000\040\000t\000h\000e\000\040\000P\000a\000r\000k\000i\000n\000g\000\040\000L\000o\000t\000\040}{chapter.0.7}% 49
\BOOKMARK [1][-]{section.0.7.7}{\376\377\000\040\000C\000o\000d\000e\000\040\000f\000o\000r\000\040\000t\000h\000e\000\040\000P\000a\000r\000k\000i\000n\000g\000\040\000L\000o\000t\000\040}{chapter.0.7}% 50
\BOOKMARK [1][-]{section.0.7.8}{\376\377\000\040\000S\000u\000m\000m\000a\000r\000y\000:\000\040\000D\000e\000s\000i\000g\000n\000i\000n\000g\000\040\000a\000\040\000P\000a\000r\000k\000i\000n\000g\000\040\000L\000o\000t\000\040}{chapter.0.7}% 51
\BOOKMARK [1][-]{section.0.7.9}{\376\377\000\040\000K\000e\000y\000\040\000I\000n\000s\000i\000g\000h\000t\000s\000\040\000a\000n\000d\000\040\000T\000i\000p\000s\000:\000\040\000D\000e\000s\000i\000g\000n\000i\000n\000g\000\040\000a\000\040\000P\000a\000r\000k\000i\000n\000g\000\040\000L\000o\000t\000\040}{chapter.0.7}% 52
\BOOKMARK [0][-]{chapter.0.8}{\376\377\000\040\000D\000e\000s\000i\000g\000n\000i\000n\000g\000\040\000a\000n\000\040\000E\000l\000e\000v\000a\000t\000o\000r\000\040\000S\000y\000s\000t\000e\000m\000\040}{}% 53
\BOOKMARK [1][-]{section.0.8.1}{\376\377\000\040\000G\000e\000t\000t\000i\000n\000g\000\040\000R\000e\000a\000d\000y\000:\000\040\000E\000l\000e\000v\000a\000t\000o\000r\000\040\000S\000y\000s\000t\000e\000m\000\040}{chapter.0.8}% 54
\BOOKMARK [1][-]{section.0.8.2}{\376\377\000\040\000R\000e\000q\000u\000i\000r\000e\000m\000e\000n\000t\000s\000\040\000f\000o\000r\000\040\000t\000h\000e\000\040\000E\000l\000e\000v\000a\000t\000o\000r\000\040\000S\000y\000s\000t\000e\000m\000\040}{chapter.0.8}% 55
\BOOKMARK [1][-]{section.0.8.3}{\376\377\000\040\000U\000s\000e\000\040\000C\000a\000s\000e\000\040\000D\000i\000a\000g\000r\000a\000m\000\040\000f\000o\000r\000\040\000t\000h\000e\000\040\000E\000l\000e\000v\000a\000t\000o\000r\000\040\000S\000y\000s\000t\000e\000m\000\040}{chapter.0.8}% 56
\BOOKMARK [1][-]{section.0.8.4}{\376\377\000\040\000C\000l\000a\000s\000s\000\040\000D\000i\000a\000g\000r\000a\000m\000\040\000f\000o\000r\000\040\000t\000h\000e\000\040\000E\000l\000e\000v\000a\000t\000o\000r\000\040\000S\000y\000s\000t\000e\000m\000\040}{chapter.0.8}% 57
\BOOKMARK [1][-]{section.0.8.5}{\376\377\000\040\000S\000e\000q\000u\000e\000n\000c\000e\000\040\000D\000i\000a\000g\000r\000a\000m\000\040\000f\000o\000r\000\040\000t\000h\000e\000\040\000E\000l\000e\000v\000a\000t\000o\000r\000\040\000S\000y\000s\000t\000e\000m\000\040}{chapter.0.8}% 58
\BOOKMARK [1][-]{section.0.8.6}{\376\377\000\040\000A\000c\000t\000i\000v\000i\000t\000y\000\040\000D\000i\000a\000g\000r\000a\000m\000\040\000f\000o\000r\000\040\000t\000h\000e\000\040\000E\000l\000e\000v\000a\000t\000o\000r\000\040\000S\000y\000s\000t\000e\000m\000\040}{chapter.0.8}% 59
\BOOKMARK [1][-]{section.0.8.7}{\376\377\000\040\000C\000o\000d\000e\000\040\000o\000f\000\040\000E\000l\000e\000v\000a\000t\000o\000r\000\040\000S\000y\000s\000t\000e\000m\000\040}{chapter.0.8}% 60
\BOOKMARK [1][-]{section.0.8.8}{\376\377\000\040\000S\000u\000m\000m\000a\000r\000y\000:\000\040\000D\000e\000s\000i\000g\000n\000i\000n\000g\000\040\000a\000n\000\040\000E\000l\000e\000v\000a\000t\000o\000r\000\040\000S\000y\000s\000t\000e\000m\000\040}{chapter.0.8}% 61
\BOOKMARK [1][-]{section.0.8.9}{\376\377\000\040\000K\000e\000y\000\040\000I\000n\000s\000i\000g\000h\000t\000s\000\040\000a\000n\000d\000\040\000T\000i\000p\000s\000:\000\040\000D\000e\000s\000i\000g\000n\000i\000n\000g\000\040\000a\000n\000\040\000E\000l\000e\000v\000a\000t\000o\000r\000\040\000S\000y\000s\000t\000e\000m\000\040}{chapter.0.8}% 62
\BOOKMARK [0][-]{chapter.0.9}{\376\377\000\040\000D\000e\000s\000i\000g\000n\000i\000n\000g\000\040\000a\000\040\000L\000i\000b\000r\000a\000r\000y\000\040\000M\000a\000n\000a\000g\000e\000m\000e\000n\000t\000\040\000S\000y\000s\000t\000e\000m\000\040}{}% 63
\BOOKMARK [1][-]{section.0.9.1}{\376\377\000\040\000G\000e\000t\000t\000i\000n\000g\000\040\000R\000e\000a\000d\000y\000:\000\040\000L\000i\000b\000r\000a\000r\000y\000\040\000M\000a\000n\000a\000g\000e\000m\000e\000n\000t\000\040\000S\000y\000s\000t\000e\000m\000\040}{chapter.0.9}% 64
\BOOKMARK [1][-]{section.0.9.2}{\376\377\000E\000x\000p\000e\000c\000t\000a\000t\000i\000o\000n\000s\000\040\000f\000r\000o\000m\000\040\000t\000h\000e\000\040\000i\000n\000t\000e\000r\000v\000i\000e\000w\000e\000e}{chapter.0.9}% 65
\BOOKMARK [1][-]{section.0.9.3}{\376\377\000D\000e\000s\000i\000g\000n\000\040\000a\000p\000p\000r\000o\000a\000c\000h}{chapter.0.9}% 66
\BOOKMARK [1][-]{section.0.9.4}{\376\377\000\040\000R\000e\000q\000u\000i\000r\000e\000m\000e\000n\000t\000s\000\040\000f\000o\000r\000\040\000t\000h\000e\000\040\000L\000i\000b\000r\000a\000r\000y\000\040\000M\000a\000n\000a\000g\000e\000m\000e\000n\000t\000\040\000S\000y\000s\000t\000e\000m\000\040}{chapter.0.9}% 67
\BOOKMARK [1][-]{section.0.9.5}{\376\377\000R\000e\000q\000u\000i\000r\000e\000m\000e\000n\000t\000\040\000c\000o\000l\000l\000e\000c\000t\000i\000o\000n}{chapter.0.9}% 68
\BOOKMARK [1][-]{section.0.9.6}{\376\377\000\040\000U\000s\000e\000\040\000C\000a\000s\000e\000\040\000D\000i\000a\000g\000r\000a\000m\000\040\000f\000o\000r\000\040\000t\000h\000e\000\040\000L\000i\000b\000r\000a\000r\000y\000\040\000M\000a\000n\000a\000g\000e\000m\000e\000n\000t\000\040\000S\000y\000s\000t\000e\000m\000\040}{chapter.0.9}% 69
\BOOKMARK [1][-]{section.0.9.7}{\376\377\000\040\000C\000l\000a\000s\000s\000\040\000D\000i\000a\000g\000r\000a\000m\000\040\000f\000o\000r\000\040\000t\000h\000e\000\040\000L\000i\000b\000r\000a\000r\000y\000\040\000M\000a\000n\000a\000g\000e\000m\000e\000n\000t\000\040\000S\000y\000s\000t\000e\000m\000\040}{chapter.0.9}% 70
\BOOKMARK [1][-]{section.0.9.8}{\376\377\000\040\000S\000e\000q\000u\000e\000n\000c\000e\000\040\000D\000i\000a\000g\000r\000a\000m\000\040\000f\000o\000r\000\040\000t\000h\000e\000\040\000L\000i\000b\000r\000a\000r\000y\000\040\000M\000a\000n\000a\000g\000e\000m\000e\000n\000t\000\040\000S\000y\000s\000t\000e\000m\000\040}{chapter.0.9}% 71
\BOOKMARK [1][-]{section.0.9.9}{\376\377\000\040\000A\000c\000t\000i\000v\000i\000t\000y\000\040\000D\000i\000a\000g\000r\000a\000m\000\040\000f\000o\000r\000\040\000t\000h\000e\000\040\000L\000i\000b\000r\000a\000r\000y\000\040\000M\000a\000n\000a\000g\000e\000m\000e\000n\000t\000\040\000S\000y\000s\000t\000e\000m\000\040}{chapter.0.9}% 72
\BOOKMARK [1][-]{section.0.9.10}{\376\377\000\040\000C\000o\000d\000e\000\040\000o\000f\000\040\000L\000i\000b\000r\000a\000r\000y\000\040\000M\000a\000n\000a\000g\000e\000m\000e\000n\000t\000\040\000S\000y\000s\000t\000e\000m\000\040}{chapter.0.9}% 73
\BOOKMARK [1][-]{section.0.9.11}{\376\377\000\040\000S\000u\000m\000m\000a\000r\000y\000:\000\040\000D\000e\000s\000i\000g\000n\000i\000n\000g\000\040\000a\000\040\000L\000i\000b\000r\000a\000r\000y\000\040\000M\000a\000n\000a\000g\000e\000m\000e\000n\000t\000\040\000S\000y\000s\000t\000e\000m\000\040}{chapter.0.9}% 74
\BOOKMARK [1][-]{section.0.9.12}{\376\377\000\040\000K\000e\000y\000\040\000I\000n\000s\000i\000g\000h\000t\000s\000\040\000a\000n\000d\000\040\000T\000i\000p\000s\000:\000\040\000D\000e\000s\000i\000g\000n\000i\000n\000g\000\040\000a\000\040\000L\000i\000b\000r\000a\000r\000y\000\040\000M\000a\000n\000a\000g\000e\000m\000e\000n\000t\000\040\000S\000y\000s\000t\000e\000m\000\040}{chapter.0.9}% 75
\BOOKMARK [0][-]{chapter.0.10}{\376\377\000\040\000D\000e\000s\000i\000g\000n\000i\000n\000g\000\040\000t\000h\000e\000\040\000A\000m\000a\000z\000o\000n\000\040\000L\000o\000c\000k\000e\000r\000\040\000S\000e\000r\000v\000i\000c\000e\000\040}{}% 76
\BOOKMARK [1][-]{section.0.10.1}{\376\377\000\040\000G\000e\000t\000t\000i\000n\000g\000\040\000R\000e\000a\000d\000y\000:\000\040\000A\000m\000a\000z\000o\000n\000\040\000L\000o\000c\000k\000e\000r\000\040\000S\000e\000r\000v\000i\000c\000e\000\040}{chapter.0.10}% 77
\BOOKMARK [1][-]{section.0.10.2}{\376\377\000\040\000R\000e\000q\000u\000i\000r\000e\000m\000e\000n\000t\000s\000\040\000f\000o\000r\000\040\000t\000h\000e\000\040\000A\000m\000a\000z\000o\000n\000\040\000L\000o\000c\000k\000e\000r\000\040\000S\000e\000r\000v\000i\000c\000e\000\040}{chapter.0.10}% 78
\BOOKMARK [1][-]{section.0.10.3}{\376\377\000\040\000U\000s\000e\000\040\000C\000a\000s\000e\000\040\000D\000i\000a\000g\000r\000a\000m\000\040\000f\000o\000r\000\040\000t\000h\000e\000\040\000A\000m\000a\000z\000o\000n\000\040\000L\000o\000c\000k\000e\000r\000\040\000S\000e\000r\000v\000i\000c\000e\000\040}{chapter.0.10}% 79
\BOOKMARK [1][-]{section.0.10.4}{\376\377\000\040\000C\000l\000a\000s\000s\000\040\000D\000i\000a\000g\000r\000a\000m\000\040\000f\000o\000r\000\040\000t\000h\000e\000\040\000A\000m\000a\000z\000o\000n\000\040\000L\000o\000c\000k\000e\000r\000\040\000S\000e\000r\000v\000i\000c\000e\000\040}{chapter.0.10}% 80
\BOOKMARK [1][-]{section.0.10.5}{\376\377\000\040\000S\000e\000q\000u\000e\000n\000c\000e\000\040\000D\000i\000a\000g\000r\000a\000m\000\040\000f\000o\000r\000\040\000t\000h\000e\000\040\000A\000m\000a\000z\000o\000n\000\040\000L\000o\000c\000k\000e\000r\000\040\000S\000e\000r\000v\000i\000c\000e\000\040}{chapter.0.10}% 81
\BOOKMARK [1][-]{section.0.10.6}{\376\377\000\040\000A\000c\000t\000i\000v\000i\000t\000y\000\040\000D\000i\000a\000g\000r\000a\000m\000\040\000f\000o\000r\000\040\000t\000h\000e\000\040\000A\000m\000a\000z\000o\000n\000\040\000L\000o\000c\000k\000e\000r\000\040\000S\000e\000r\000v\000i\000c\000e\000\040}{chapter.0.10}% 82
\BOOKMARK [1][-]{section.0.10.7}{\376\377\000\040\000C\000o\000d\000e\000\040\000f\000o\000r\000\040\000t\000h\000e\000\040\000A\000m\000a\000z\000o\000n\000\040\000L\000o\000c\000k\000e\000r\000\040\000S\000e\000r\000v\000i\000c\000e\000\040}{chapter.0.10}% 83
\BOOKMARK [1][-]{section.0.10.8}{\376\377\000\040\000S\000u\000m\000m\000a\000r\000y\000:\000\040\000D\000e\000s\000i\000g\000n\000i\000n\000g\000\040\000t\000h\000e\000\040\000A\000m\000a\000z\000o\000n\000\040\000L\000o\000c\000k\000e\000r\000\040\000S\000e\000r\000v\000i\000c\000e\000\040}{chapter.0.10}% 84
\BOOKMARK [1][-]{section.0.10.9}{\376\377\000\040\000K\000e\000y\000\040\000I\000n\000s\000i\000g\000h\000t\000s\000\040\000a\000n\000d\000\040\000T\000i\000p\000s\000:\000\040\000D\000e\000s\000i\000g\000n\000i\000n\000g\000\040\000t\000h\000e\000\040\000A\000m\000a\000z\000o\000n\000\040\000L\000o\000c\000k\000e\000r\000\040\000S\000e\000r\000v\000i\000c\000e\000\040}{chapter.0.10}% 85
\BOOKMARK [0][-]{chapter.0.11}{\376\377\000\040\000D\000e\000s\000i\000g\000n\000i\000n\000g\000\040\000a\000\040\000V\000e\000n\000d\000i\000n\000g\000\040\000M\000a\000c\000h\000i\000n\000e\000\040}{}% 86
\BOOKMARK [1][-]{section.0.11.1}{\376\377\000\040\000G\000e\000t\000t\000i\000n\000g\000\040\000R\000e\000a\000d\000y\000:\000\040\000V\000e\000n\000d\000i\000n\000g\000\040\000M\000a\000c\000h\000i\000n\000e\000\040}{chapter.0.11}% 87
\BOOKMARK [1][-]{section.0.11.2}{\376\377\000\040\000R\000e\000q\000u\000i\000r\000e\000m\000e\000n\000t\000s\000\040\000f\000o\000r\000\040\000t\000h\000e\000\040\000V\000e\000n\000d\000i\000n\000g\000\040\000M\000a\000c\000h\000i\000n\000e\000\040}{chapter.0.11}% 88
\BOOKMARK [1][-]{section.0.11.3}{\376\377\000\040\000U\000s\000e\000\040\000C\000a\000s\000e\000\040\000D\000i\000a\000g\000r\000a\000m\000\040\000f\000o\000r\000\040\000t\000h\000e\000\040\000V\000e\000n\000d\000i\000n\000g\000\040\000M\000a\000c\000h\000i\000n\000e\000\040}{chapter.0.11}% 89
\BOOKMARK [1][-]{section.0.11.4}{\376\377\000\040\000C\000l\000a\000s\000s\000\040\000D\000i\000a\000g\000r\000a\000m\000\040\000f\000o\000r\000\040\000t\000h\000e\000\040\000V\000e\000n\000d\000i\000n\000g\000\040\000M\000a\000c\000h\000i\000n\000e\000\040}{chapter.0.11}% 90
\BOOKMARK [1][-]{section.0.11.5}{\376\377\000\040\000A\000c\000t\000i\000v\000i\000t\000y\000\040\000D\000i\000a\000g\000r\000a\000m\000\040\000f\000o\000r\000\040\000t\000h\000e\000\040\000V\000e\000n\000d\000i\000n\000g\000\040\000M\000a\000c\000h\000i\000n\000e\000\040}{chapter.0.11}% 91
\BOOKMARK [1][-]{section.0.11.6}{\376\377\000\040\000C\000o\000d\000e\000\040\000f\000o\000r\000\040\000t\000h\000e\000\040\000V\000e\000n\000d\000i\000n\000g\000\040\000M\000a\000c\000h\000i\000n\000e\000\040}{chapter.0.11}% 92
\BOOKMARK [1][-]{section.0.11.7}{\376\377\000\040\000S\000u\000m\000m\000a\000r\000y\000:\000\040\000D\000e\000s\000i\000g\000n\000i\000n\000g\000\040\000a\000\040\000V\000e\000n\000d\000i\000n\000g\000\040\000M\000a\000c\000h\000i\000n\000e\000\040}{chapter.0.11}% 93
\BOOKMARK [1][-]{section.0.11.8}{\376\377\000\040\000K\000e\000y\000\040\000I\000n\000s\000i\000g\000h\000t\000s\000\040\000a\000n\000d\000\040\000T\000i\000p\000s\000:\000\040\000D\000e\000s\000i\000g\000n\000i\000n\000g\000\040\000a\000\040\000V\000e\000n\000d\000i\000n\000g\000\040\000M\000a\000c\000h\000i\000n\000e\000\040}{chapter.0.11}% 94
\BOOKMARK [0][-]{chapter.0.12}{\376\377\000\040\000D\000e\000s\000i\000g\000n\000i\000n\000g\000\040\000a\000n\000\040\000O\000n\000l\000i\000n\000e\000\040\000B\000l\000a\000c\000k\000j\000a\000c\000k\000\040\000G\000a\000m\000e\000\040}{}% 95
\BOOKMARK [1][-]{section.0.12.1}{\376\377\000\040\000G\000e\000t\000t\000i\000n\000g\000\040\000R\000e\000a\000d\000y\000:\000\040\000O\000n\000l\000i\000n\000e\000\040\000B\000l\000a\000c\000k\000j\000a\000c\000k\000\040\000G\000a\000m\000e\000\040}{chapter.0.12}% 96
\BOOKMARK [1][-]{section.0.12.2}{\376\377\000\040\000R\000e\000q\000u\000i\000r\000e\000m\000e\000n\000t\000s\000\040\000f\000o\000r\000\040\000t\000h\000e\000\040\000O\000n\000l\000i\000n\000e\000\040\000B\000l\000a\000c\000k\000j\000a\000c\000k\000\040\000G\000a\000m\000e\000\040}{chapter.0.12}% 97
\BOOKMARK [1][-]{section.0.12.3}{\376\377\000\040\000U\000s\000e\000\040\000C\000a\000s\000e\000\040\000D\000i\000a\000g\000r\000a\000m\000\040\000f\000o\000r\000\040\000t\000h\000e\000\040\000O\000n\000l\000i\000n\000e\000\040\000B\000l\000a\000c\000k\000j\000a\000c\000k\000\040\000G\000a\000m\000e\000\040}{chapter.0.12}% 98
\BOOKMARK [1][-]{section.0.12.4}{\376\377\000\040\000C\000l\000a\000s\000s\000\040\000D\000i\000a\000g\000r\000a\000m\000\040\000f\000o\000r\000\040\000t\000h\000e\000\040\000O\000n\000l\000i\000n\000e\000\040\000B\000l\000a\000c\000k\000j\000a\000c\000k\000\040\000G\000a\000m\000e\000\040}{chapter.0.12}% 99
\BOOKMARK [1][-]{section.0.12.5}{\376\377\000\040\000A\000c\000t\000i\000v\000i\000t\000y\000\040\000D\000i\000a\000g\000r\000a\000m\000\040\000f\000o\000r\000\040\000t\000h\000e\000\040\000O\000n\000l\000i\000n\000e\000\040\000B\000l\000a\000c\000k\000j\000a\000c\000k\000\040\000G\000a\000m\000e\000\040}{chapter.0.12}% 100
\BOOKMARK [1][-]{section.0.12.6}{\376\377\000\040\000C\000o\000d\000e\000\040\000f\000o\000r\000\040\000t\000h\000e\000\040\000O\000n\000l\000i\000n\000e\000\040\000B\000l\000a\000c\000k\000j\000a\000c\000k\000\040\000G\000a\000m\000e\000\040}{chapter.0.12}% 101
\BOOKMARK [1][-]{section.0.12.7}{\376\377\000\040\000S\000u\000m\000m\000a\000r\000y\000:\000\040\000O\000n\000l\000i\000n\000e\000\040\000B\000l\000a\000c\000k\000j\000a\000c\000k\000\040\000G\000a\000m\000e\000\040}{chapter.0.12}% 102
\BOOKMARK [1][-]{section.0.12.8}{\376\377\000\040\000K\000e\000y\000\040\000I\000n\000s\000i\000g\000h\000t\000s\000\040\000a\000n\000d\000\040\000T\000i\000p\000s\000:\000\040\000D\000e\000s\000i\000g\000n\000i\000n\000g\000\040\000a\000n\000\040\000O\000n\000l\000i\000n\000e\000\040\000B\000l\000a\000c\000k\000j\000a\000c\000k\000\040\000G\000a\000m\000e\000\040}{chapter.0.12}% 103
\BOOKMARK [0][-]{chapter.0.13}{\376\377\000\040\000D\000e\000s\000i\000g\000n\000i\000n\000g\000\040\000a\000\040\000M\000e\000e\000t\000i\000n\000g\000\040\000S\000c\000h\000e\000d\000u\000l\000e\000r\000\040}{}% 104
\BOOKMARK [1][-]{section.0.13.1}{\376\377\000\040\000G\000e\000t\000t\000i\000n\000g\000\040\000R\000e\000a\000d\000y\000:\000\040\000T\000h\000e\000\040\000M\000e\000e\000t\000i\000n\000g\000\040\000S\000c\000h\000e\000d\000u\000l\000e\000r\000\040\000P\000r\000o\000b\000l\000e\000m\000\040}{chapter.0.13}% 105
\BOOKMARK [1][-]{section.0.13.2}{\376\377\000\040\000R\000e\000q\000u\000i\000r\000e\000m\000e\000n\000t\000s\000\040\000f\000o\000r\000\040\000t\000h\000e\000\040\000M\000e\000e\000t\000i\000n\000g\000\040\000S\000c\000h\000e\000d\000u\000l\000e\000r\000\040}{chapter.0.13}% 106
\BOOKMARK [1][-]{section.0.13.3}{\376\377\000\040\000U\000s\000e\000\040\000C\000a\000s\000e\000\040\000D\000i\000a\000g\000r\000a\000m\000\040\000f\000o\000r\000\040\000t\000h\000e\000\040\000M\000e\000e\000t\000i\000n\000g\000\040\000S\000c\000h\000e\000d\000u\000l\000e\000r\000\040}{chapter.0.13}% 107
\BOOKMARK [1][-]{section.0.13.4}{\376\377\000\040\000C\000l\000a\000s\000s\000\040\000D\000i\000a\000g\000r\000a\000m\000\040\000f\000o\000r\000\040\000t\000h\000e\000\040\000M\000e\000e\000t\000i\000n\000g\000\040\000S\000c\000h\000e\000d\000u\000l\000e\000r\000\040}{chapter.0.13}% 108
\BOOKMARK [1][-]{section.0.13.5}{\376\377\000\040\000S\000e\000q\000u\000e\000n\000c\000e\000\040\000D\000i\000a\000g\000r\000a\000m\000\040\000f\000o\000r\000\040\000t\000h\000e\000\040\000M\000e\000e\000t\000i\000n\000g\000\040\000S\000c\000h\000e\000d\000u\000l\000e\000r\000\040}{chapter.0.13}% 109
\BOOKMARK [1][-]{section.0.13.6}{\376\377\000\040\000A\000c\000t\000i\000v\000i\000t\000y\000\040\000D\000i\000a\000g\000r\000a\000m\000\040\000f\000o\000r\000\040\000t\000h\000e\000\040\000M\000e\000e\000t\000i\000n\000g\000\040\000S\000c\000h\000e\000d\000u\000l\000e\000r\000\040}{chapter.0.13}% 110
\BOOKMARK [1][-]{section.0.13.7}{\376\377\000\040\000C\000o\000d\000e\000\040\000f\000o\000r\000\040\000t\000h\000e\000\040\000M\000e\000e\000t\000i\000n\000g\000\040\000S\000c\000h\000e\000d\000u\000l\000e\000r\000\040}{chapter.0.13}% 111
\BOOKMARK [1][-]{section.0.13.8}{\376\377\000\040\000S\000u\000m\000m\000a\000r\000y\000:\000\040\000D\000e\000s\000i\000g\000n\000i\000n\000g\000\040\000a\000\040\000M\000e\000e\000t\000i\000n\000g\000\040\000S\000c\000h\000e\000d\000u\000l\000e\000r\000\040}{chapter.0.13}% 112
\BOOKMARK [1][-]{section.0.13.9}{\376\377\000\040\000K\000e\000y\000\040\000I\000n\000s\000i\000g\000h\000t\000s\000\040\000a\000n\000d\000\040\000T\000i\000p\000s\000:\000\040\000D\000e\000s\000i\000g\000n\000i\000n\000g\000\040\000a\000\040\000M\000e\000e\000t\000i\000n\000g\000\040\000S\000c\000h\000e\000d\000u\000l\000e\000r\000\040}{chapter.0.13}% 113
\BOOKMARK [0][-]{chapter.0.14}{\376\377\000\040\000D\000e\000s\000i\000g\000n\000i\000n\000g\000\040\000a\000\040\000M\000o\000v\000i\000e\000\040\000T\000i\000c\000k\000e\000t\000\040\000B\000o\000o\000k\000i\000n\000g\000\040\000S\000y\000s\000t\000e\000m\000\040}{}% 114
\BOOKMARK [1][-]{section.0.14.1}{\376\377\000\040\000G\000e\000t\000t\000i\000n\000g\000\040\000R\000e\000a\000d\000y\000:\000\040\000M\000o\000v\000i\000e\000\040\000T\000i\000c\000k\000e\000t\000\040\000B\000o\000o\000k\000i\000n\000g\000\040\000S\000y\000s\000t\000e\000m\000\040}{chapter.0.14}% 115
\BOOKMARK [1][-]{section.0.14.2}{\376\377\000\040\000R\000e\000q\000u\000i\000r\000e\000m\000e\000n\000t\000s\000\040\000f\000o\000r\000\040\000t\000h\000e\000\040\000M\000o\000v\000i\000e\000\040\000T\000i\000c\000k\000e\000t\000\040\000B\000o\000o\000k\000i\000n\000g\000\040\000S\000y\000s\000t\000e\000m\000\040}{chapter.0.14}% 116
\BOOKMARK [1][-]{section.0.14.3}{\376\377\000\040\000U\000s\000e\000\040\000C\000a\000s\000e\000\040\000D\000i\000a\000g\000r\000a\000m\000\040\000f\000o\000r\000\040\000t\000h\000e\000\040\000M\000o\000v\000i\000e\000\040\000T\000i\000c\000k\000e\000t\000\040\000B\000o\000o\000k\000i\000n\000g\000\040\000S\000y\000s\000t\000e\000m\000\040}{chapter.0.14}% 117
\BOOKMARK [1][-]{section.0.14.4}{\376\377\000\040\000C\000l\000a\000s\000s\000\040\000D\000i\000a\000g\000r\000a\000m\000\040\000f\000o\000r\000\040\000t\000h\000e\000\040\000M\000o\000v\000i\000e\000\040\000T\000i\000c\000k\000e\000t\000\040\000B\000o\000o\000k\000i\000n\000g\000\040\000S\000y\000s\000t\000e\000m\000\040}{chapter.0.14}% 118
\BOOKMARK [1][-]{section.0.14.5}{\376\377\000\040\000S\000e\000q\000u\000e\000n\000c\000e\000\040\000D\000i\000a\000g\000r\000a\000m\000\040\000f\000o\000r\000\040\000t\000h\000e\000\040\000M\000o\000v\000i\000e\000\040\000T\000i\000c\000k\000e\000t\000\040\000B\000o\000o\000k\000i\000n\000g\000\040\000S\000y\000s\000t\000e\000m\000\040}{chapter.0.14}% 119
\BOOKMARK [1][-]{section.0.14.6}{\376\377\000\040\000A\000c\000t\000i\000v\000i\000t\000y\000\040\000D\000i\000a\000g\000r\000a\000m\000\040\000f\000o\000r\000\040\000t\000h\000e\000\040\000M\000o\000v\000i\000e\000\040\000T\000i\000c\000k\000e\000t\000\040\000B\000o\000o\000k\000i\000n\000g\000\040\000S\000y\000s\000t\000e\000m\000\040}{chapter.0.14}% 120
\BOOKMARK [1][-]{section.0.14.7}{\376\377\000\040\000C\000o\000d\000e\000\040\000f\000o\000r\000\040\000t\000h\000e\000\040\000M\000o\000v\000i\000e\000\040\000T\000i\000c\000k\000e\000t\000\040\000B\000o\000o\000k\000i\000n\000g\000\040\000S\000y\000s\000t\000e\000m\000\040}{chapter.0.14}% 121
\BOOKMARK [1][-]{section.0.14.8}{\376\377\000\040\000S\000u\000m\000m\000a\000r\000y\000:\000\040\000D\000e\000s\000i\000g\000n\000i\000n\000g\000\040\000a\000\040\000M\000o\000v\000i\000e\000\040\000T\000i\000c\000k\000e\000t\000\040\000B\000o\000o\000k\000i\000n\000g\000\040\000S\000y\000s\000t\000e\000m\000\040}{chapter.0.14}% 122
\BOOKMARK [1][-]{section.0.14.9}{\376\377\000\040\000K\000e\000y\000\040\000I\000n\000s\000i\000g\000h\000t\000s\000\040\000a\000n\000d\000\040\000T\000i\000p\000s\000:\000\040\000D\000e\000s\000i\000g\000n\000i\000n\000g\000\040\000a\000\040\000M\000o\000v\000i\000e\000\040\000T\000i\000c\000k\000e\000t\000\040\000B\000o\000o\000k\000i\000n\000g\000\040\000S\000y\000s\000t\000e\000m\000\040}{chapter.0.14}% 123
\BOOKMARK [0][-]{chapter.0.15}{\376\377\000\040\000D\000e\000s\000i\000g\000n\000i\000n\000g\000\040\000a\000\040\000C\000a\000r\000\040\000R\000e\000n\000t\000a\000l\000\040\000S\000y\000s\000t\000e\000m\000\040}{}% 124
\BOOKMARK [1][-]{section.0.15.1}{\376\377\000\040\000G\000e\000t\000t\000i\000n\000g\000\040\000R\000e\000a\000d\000y\000:\000\040\000T\000h\000e\000\040\000C\000a\000r\000\040\000R\000e\000n\000t\000a\000l\000\040\000S\000y\000s\000t\000e\000m\000\040}{chapter.0.15}% 125
\BOOKMARK [1][-]{section.0.15.2}{\376\377\000\040\000R\000e\000q\000u\000i\000r\000e\000m\000e\000n\000t\000s\000\040\000f\000o\000r\000\040\000t\000h\000e\000\040\000C\000a\000r\000\040\000R\000e\000n\000t\000a\000l\000\040\000S\000y\000s\000t\000e\000m\000\040}{chapter.0.15}% 126
\BOOKMARK [1][-]{section.0.15.3}{\376\377\000\040\000U\000s\000e\000\040\000C\000a\000s\000e\000\040\000D\000i\000a\000g\000r\000a\000m\000\040\000f\000o\000r\000\040\000t\000h\000e\000\040\000C\000a\000r\000\040\000R\000e\000n\000t\000a\000l\000\040\000S\000y\000s\000t\000e\000m\000\040}{chapter.0.15}% 127
\BOOKMARK [1][-]{section.0.15.4}{\376\377\000\040\000C\000l\000a\000s\000s\000\040\000D\000i\000a\000g\000r\000a\000m\000\040\000f\000o\000r\000\040\000t\000h\000e\000\040\000C\000a\000r\000\040\000R\000e\000n\000t\000a\000l\000\040\000S\000y\000s\000t\000e\000m\000\040}{chapter.0.15}% 128
\BOOKMARK [1][-]{section.0.15.5}{\376\377\000\040\000S\000e\000q\000u\000e\000n\000c\000e\000\040\000D\000i\000a\000g\000r\000a\000m\000\040\000f\000o\000r\000\040\000t\000h\000e\000\040\000C\000a\000r\000\040\000R\000e\000n\000t\000a\000l\000\040\000S\000y\000s\000t\000e\000m\000\040}{chapter.0.15}% 129
\BOOKMARK [1][-]{section.0.15.6}{\376\377\000\040\000A\000c\000t\000i\000v\000i\000t\000y\000\040\000D\000i\000a\000g\000r\000a\000m\000\040\000f\000o\000r\000\040\000t\000h\000e\000\040\000C\000a\000r\000\040\000R\000e\000n\000t\000a\000l\000\040\000S\000y\000s\000t\000e\000m\000\040}{chapter.0.15}% 130
\BOOKMARK [1][-]{section.0.15.7}{\376\377\000\040\000C\000o\000d\000e\000\040\000f\000o\000r\000\040\000t\000h\000e\000\040\000C\000a\000r\000\040\000R\000e\000n\000t\000a\000l\000\040\000S\000y\000s\000t\000e\000m\000\040}{chapter.0.15}% 131
\BOOKMARK [1][-]{section.0.15.8}{\376\377\000\040\000S\000u\000m\000m\000a\000r\000y\000:\000\040\000D\000e\000s\000i\000g\000n\000i\000n\000g\000\040\000a\000\040\000C\000a\000r\000\040\000R\000e\000n\000t\000a\000l\000\040\000S\000y\000s\000t\000e\000m\000\040}{chapter.0.15}% 132
\BOOKMARK [1][-]{section.0.15.9}{\376\377\000\040\000K\000e\000y\000\040\000I\000n\000s\000i\000g\000h\000t\000s\000\040\000a\000n\000d\000\040\000T\000i\000p\000s\000:\000\040\000D\000e\000s\000i\000g\000n\000i\000n\000g\000\040\000a\000\040\000C\000a\000r\000\040\000R\000e\000n\000t\000a\000l\000\040\000S\000y\000s\000t\000e\000m\000\040}{chapter.0.15}% 133
\BOOKMARK [0][-]{chapter.0.16}{\376\377\000\040\000D\000e\000s\000i\000g\000n\000i\000n\000g\000\040\000A\000T\000M\000\040}{}% 134
\BOOKMARK [1][-]{section.0.16.1}{\376\377\000\040\000G\000e\000t\000t\000i\000n\000g\000\040\000R\000e\000a\000d\000y\000:\000\040\000T\000h\000e\000\040\000A\000T\000M\000\040\000S\000y\000s\000t\000e\000m\000\040}{chapter.0.16}% 135
\BOOKMARK [1][-]{section.0.16.2}{\376\377\000\040\000R\000e\000q\000u\000i\000r\000e\000m\000e\000n\000t\000s\000\040\000f\000o\000r\000\040\000t\000h\000e\000\040\000A\000T\000M\000\040\000S\000y\000s\000t\000e\000m\000\040}{chapter.0.16}% 136
\BOOKMARK [1][-]{section.0.16.3}{\376\377\000\040\000U\000s\000e\000\040\000C\000a\000s\000e\000\040\000D\000i\000a\000g\000r\000a\000m\000\040\000f\000o\000r\000\040\000t\000h\000e\000\040\000A\000T\000M\000\040\000S\000y\000s\000t\000e\000m\000\040}{chapter.0.16}% 137
\BOOKMARK [1][-]{section.0.16.4}{\376\377\000\040\000C\000l\000a\000s\000s\000\040\000D\000i\000a\000g\000r\000a\000m\000\040\000f\000o\000r\000\040\000t\000h\000e\000\040\000A\000T\000M\000\040\000S\000y\000s\000t\000e\000m\000\040}{chapter.0.16}% 138
\BOOKMARK [1][-]{section.0.16.5}{\376\377\000\040\000S\000e\000q\000u\000e\000n\000c\000e\000\040\000D\000i\000a\000g\000r\000a\000m\000\040\000f\000o\000r\000\040\000t\000h\000e\000\040\000A\000T\000M\000\040\000S\000y\000s\000t\000e\000m\000\040}{chapter.0.16}% 139
\BOOKMARK [1][-]{section.0.16.6}{\376\377\000\040\000A\000c\000t\000i\000v\000i\000t\000y\000\040\000D\000i\000a\000g\000r\000a\000m\000\040\000f\000o\000r\000\040\000t\000h\000e\000\040\000A\000T\000M\000\040\000S\000y\000s\000t\000e\000m\000\040}{chapter.0.16}% 140
\BOOKMARK [1][-]{section.0.16.7}{\376\377\000\040\000C\000o\000d\000e\000\040\000f\000o\000r\000\040\000t\000h\000e\000\040\000A\000T\000M\000\040\000S\000y\000s\000t\000e\000m\000\040}{chapter.0.16}% 141
\BOOKMARK [1][-]{section.0.16.8}{\376\377\000\040\000S\000u\000m\000m\000a\000r\000y\000:\000\040\000D\000e\000s\000i\000g\000n\000i\000n\000g\000\040\000A\000T\000M\000\040}{chapter.0.16}% 142
\BOOKMARK [1][-]{section.0.16.9}{\376\377\000\040\000K\000e\000y\000\040\000I\000n\000s\000i\000g\000h\000t\000s\000\040\000a\000n\000d\000\040\000T\000i\000p\000s\000:\000\040\000D\000e\000s\000i\000g\000n\000i\000n\000g\000\040\000A\000T\000M\000\040}{chapter.0.16}% 143
\BOOKMARK [0][-]{chapter.0.17}{\376\377\000\040\000D\000e\000s\000i\000g\000n\000i\000n\000g\000\040\000a\000\040\000C\000h\000e\000s\000s\000\040\000G\000a\000m\000e\000\040}{}% 144
\BOOKMARK [1][-]{section.0.17.1}{\376\377\000\040\000G\000e\000t\000t\000i\000n\000g\000\040\000R\000e\000a\000d\000y\000:\000\040\000T\000h\000e\000\040\000C\000h\000e\000s\000s\000\040\000G\000a\000m\000e\000\040}{chapter.0.17}% 145
\BOOKMARK [1][-]{section.0.17.2}{\376\377\000\040\000R\000e\000q\000u\000i\000r\000e\000m\000e\000n\000t\000s\000\040\000f\000o\000r\000\040\000t\000h\000e\000\040\000C\000h\000e\000s\000s\000\040\000G\000a\000m\000e\000\040}{chapter.0.17}% 146
\BOOKMARK [1][-]{section.0.17.3}{\376\377\000\040\000U\000s\000e\000\040\000C\000a\000s\000e\000\040\000D\000i\000a\000g\000r\000a\000m\000\040\000f\000o\000r\000\040\000t\000h\000e\000\040\000C\000h\000e\000s\000s\000\040\000G\000a\000m\000e\000\040}{chapter.0.17}% 147
\BOOKMARK [1][-]{section.0.17.4}{\376\377\000\040\000C\000l\000a\000s\000s\000\040\000D\000i\000a\000g\000r\000a\000m\000\040\000f\000o\000r\000\040\000t\000h\000e\000\040\000C\000h\000e\000s\000s\000\040\000G\000a\000m\000e\000\040}{chapter.0.17}% 148
\BOOKMARK [1][-]{section.0.17.5}{\376\377\000\040\000A\000c\000t\000i\000v\000i\000t\000y\000\040\000D\000i\000a\000g\000r\000a\000m\000\040\000f\000o\000r\000\040\000t\000h\000e\000\040\000C\000h\000e\000s\000s\000\040\000G\000a\000m\000e\000\040}{chapter.0.17}% 149
\BOOKMARK [1][-]{section.0.17.6}{\376\377\000\040\000C\000o\000d\000e\000\040\000f\000o\000r\000\040\000t\000h\000e\000\040\000C\000h\000e\000s\000s\000\040\000G\000a\000m\000e\000\040}{chapter.0.17}% 150
\BOOKMARK [1][-]{section.0.17.7}{\376\377\000\040\000S\000u\000m\000m\000a\000r\000y\000:\000\040\000D\000e\000s\000i\000g\000n\000i\000n\000g\000\040\000a\000\040\000C\000h\000e\000s\000s\000\040\000G\000a\000m\000e\000\040}{chapter.0.17}% 151
\BOOKMARK [1][-]{section.0.17.8}{\376\377\000\040\000K\000e\000y\000\040\000I\000n\000s\000i\000g\000h\000t\000s\000\040\000a\000n\000d\000\040\000T\000i\000p\000s\000:\000\040\000D\000e\000s\000i\000g\000n\000i\000n\000g\000\040\000a\000\040\000C\000h\000e\000s\000s\000\040\000G\000a\000m\000e\000\040}{chapter.0.17}% 152
\BOOKMARK [0][-]{chapter.0.18}{\376\377\000\040\000D\000e\000s\000i\000g\000n\000i\000n\000g\000\040\000a\000\040\000H\000o\000t\000e\000l\000\040\000M\000a\000n\000a\000g\000e\000m\000e\000n\000t\000\040\000S\000y\000s\000t\000e\000m\000\040}{}% 153
\BOOKMARK [1][-]{section.0.18.1}{\376\377\000\040\000G\000e\000t\000t\000i\000n\000g\000\040\000R\000e\000a\000d\000y\000:\000\040\000T\000h\000e\000\040\000H\000o\000t\000e\000l\000\040\000M\000a\000n\000a\000g\000e\000m\000e\000n\000t\000\040\000S\000y\000s\000t\000e\000m\000\040}{chapter.0.18}% 154
\BOOKMARK [1][-]{section.0.18.2}{\376\377\000\040\000R\000e\000q\000u\000i\000r\000e\000m\000e\000n\000t\000s\000\040\000f\000o\000r\000\040\000t\000h\000e\000\040\000H\000o\000t\000e\000l\000\040\000M\000a\000n\000a\000g\000e\000m\000e\000n\000t\000\040\000S\000y\000s\000t\000e\000m\000\040}{chapter.0.18}% 155
\BOOKMARK [1][-]{section.0.18.3}{\376\377\000\040\000U\000s\000e\000\040\000C\000a\000s\000e\000\040\000D\000i\000a\000g\000r\000a\000m\000\040\000f\000o\000r\000\040\000t\000h\000e\000\040\000H\000o\000t\000e\000l\000\040\000M\000a\000n\000a\000g\000e\000m\000e\000n\000t\000\040\000S\000y\000s\000t\000e\000m\000\040}{chapter.0.18}% 156
\BOOKMARK [1][-]{section.0.18.4}{\376\377\000\040\000C\000l\000a\000s\000s\000\040\000D\000i\000a\000g\000r\000a\000m\000\040\000f\000o\000r\000\040\000t\000h\000e\000\040\000H\000o\000t\000e\000l\000\040\000M\000a\000n\000a\000g\000e\000m\000e\000n\000t\000\040\000S\000y\000s\000t\000e\000m\000\040}{chapter.0.18}% 157
\BOOKMARK [1][-]{section.0.18.5}{\376\377\000\040\000S\000e\000q\000u\000e\000n\000c\000e\000\040\000D\000i\000a\000g\000r\000a\000m\000\040\000f\000o\000r\000\040\000t\000h\000e\000\040\000H\000o\000t\000e\000l\000\040\000M\000a\000n\000a\000g\000e\000m\000e\000n\000t\000\040\000S\000y\000s\000t\000e\000m\000\040}{chapter.0.18}% 158
\BOOKMARK [1][-]{section.0.18.6}{\376\377\000\040\000A\000c\000t\000i\000v\000i\000t\000y\000\040\000D\000i\000a\000g\000r\000a\000m\000\040\000f\000o\000r\000\040\000t\000h\000e\000\040\000H\000o\000t\000e\000l\000\040\000M\000a\000n\000a\000g\000e\000m\000e\000n\000t\000\040\000S\000y\000s\000t\000e\000m\000\040}{chapter.0.18}% 159
\BOOKMARK [1][-]{section.0.18.7}{\376\377\000\040\000C\000o\000d\000e\000\040\000f\000o\000r\000\040\000t\000h\000e\000\040\000H\000o\000t\000e\000l\000\040\000M\000a\000n\000a\000g\000e\000m\000e\000n\000t\000\040\000S\000y\000s\000t\000e\000m\000\040}{chapter.0.18}% 160
\BOOKMARK [1][-]{section.0.18.8}{\376\377\000\040\000S\000u\000m\000m\000a\000r\000y\000:\000\040\000D\000e\000s\000i\000g\000n\000i\000n\000g\000\040\000a\000\040\000H\000o\000t\000e\000l\000\040\000M\000a\000n\000a\000g\000e\000m\000e\000n\000t\000\040\000S\000y\000s\000t\000e\000m\000\040}{chapter.0.18}% 161
\BOOKMARK [1][-]{section.0.18.9}{\376\377\000\040\000K\000e\000y\000\040\000I\000n\000s\000i\000g\000h\000t\000s\000:\000\040\000T\000h\000e\000\040\000H\000o\000t\000e\000l\000\040\000M\000a\000n\000a\000g\000e\000m\000e\000n\000t\000\040\000S\000y\000s\000t\000e\000m\000\040}{chapter.0.18}% 162
\BOOKMARK [0][-]{chapter.0.19}{\376\377\000\040\000D\000e\000s\000i\000g\000n\000i\000n\000g\000\040\000t\000h\000e\000\040\000A\000m\000a\000z\000o\000n\000\040\000O\000n\000l\000i\000n\000e\000\040\000S\000h\000o\000p\000p\000i\000n\000g\000\040\000S\000y\000s\000t\000e\000m\000\040}{}% 163
\BOOKMARK [1][-]{section.0.19.1}{\376\377\000\040\000G\000e\000t\000t\000i\000n\000g\000\040\000R\000e\000a\000d\000y\000:\000\040\000T\000h\000e\000\040\000A\000m\000a\000z\000o\000n\000\040\000O\000n\000l\000i\000n\000e\000\040\000S\000h\000o\000p\000p\000i\000n\000g\000\040\000S\000y\000s\000t\000e\000m\000\040}{chapter.0.19}% 164
\BOOKMARK [1][-]{section.0.19.2}{\376\377\000\040\000R\000e\000q\000u\000i\000r\000e\000m\000e\000n\000t\000s\000\040\000f\000o\000r\000\040\000t\000h\000e\000\040\000A\000m\000a\000z\000o\000n\000\040\000O\000n\000l\000i\000n\000e\000\040\000S\000h\000o\000p\000p\000i\000n\000g\000\040\000S\000y\000s\000t\000e\000m\000\040}{chapter.0.19}% 165
\BOOKMARK [1][-]{section.0.19.3}{\376\377\000\040\000U\000s\000e\000\040\000C\000a\000s\000e\000\040\000D\000i\000a\000g\000r\000a\000m\000\040\000f\000o\000r\000\040\000t\000h\000e\000\040\000A\000m\000a\000z\000o\000n\000\040\000O\000n\000l\000i\000n\000e\000\040\000S\000h\000o\000p\000p\000i\000n\000g\000\040\000S\000y\000s\000t\000e\000m\000\040}{chapter.0.19}% 166
\BOOKMARK [1][-]{section.0.19.4}{\376\377\000\040\000C\000l\000a\000s\000s\000\040\000D\000i\000a\000g\000r\000a\000m\000\040\000f\000o\000r\000\040\000t\000h\000e\000\040\000A\000m\000a\000z\000o\000n\000\040\000O\000n\000l\000i\000n\000e\000\040\000S\000h\000o\000p\000p\000i\000n\000g\000\040\000S\000y\000s\000t\000e\000m\000\040}{chapter.0.19}% 167
\BOOKMARK [1][-]{section.0.19.5}{\376\377\000\040\000S\000e\000q\000u\000e\000n\000c\000e\000\040\000D\000i\000a\000g\000r\000a\000m\000\040\000f\000o\000r\000\040\000t\000h\000e\000\040\000A\000m\000a\000z\000o\000n\000\040\000O\000n\000l\000i\000n\000e\000\040\000S\000h\000o\000p\000p\000i\000n\000g\000\040\000S\000y\000s\000t\000e\000m\000\040}{chapter.0.19}% 168
\BOOKMARK [1][-]{section.0.19.6}{\376\377\000\040\000A\000c\000t\000i\000v\000i\000t\000y\000\040\000D\000i\000a\000g\000r\000a\000m\000\040\000f\000o\000r\000\040\000t\000h\000e\000\040\000A\000m\000a\000z\000o\000n\000\040\000O\000n\000l\000i\000n\000e\000\040\000S\000h\000o\000p\000p\000i\000n\000g\000\040\000S\000y\000s\000t\000e\000m\000\040}{chapter.0.19}% 169
\BOOKMARK [1][-]{section.0.19.7}{\376\377\000\040\000C\000o\000d\000e\000\040\000f\000o\000r\000\040\000t\000h\000e\000\040\000A\000m\000a\000z\000o\000n\000\040\000O\000n\000l\000i\000n\000e\000\040\000S\000h\000o\000p\000p\000i\000n\000g\000\040\000S\000y\000s\000t\000e\000m\000\040}{chapter.0.19}% 170
\BOOKMARK [1][-]{section.0.19.8}{\376\377\000\040\000S\000u\000m\000m\000a\000r\000y\000:\000\040\000D\000e\000s\000i\000g\000n\000i\000n\000g\000\040\000t\000h\000e\000\040\000A\000m\000a\000z\000o\000n\000\040\000O\000n\000l\000i\000n\000e\000\040\000S\000h\000o\000p\000p\000i\000n\000g\000\040\000S\000y\000s\000t\000e\000m\000\040}{chapter.0.19}% 171
\BOOKMARK [1][-]{section.0.19.9}{\376\377\000\040\000K\000e\000y\000\040\000I\000n\000s\000i\000g\000h\000t\000s\000:\000\040\000T\000h\000e\000\040\000A\000m\000a\000z\000o\000n\000\040\000O\000n\000l\000i\000n\000e\000\040\000S\000h\000o\000p\000p\000i\000n\000g\000\040\000S\000y\000s\000t\000e\000m\000\040}{chapter.0.19}% 172
\BOOKMARK [0][-]{chapter.0.20}{\376\377\000\040\000D\000e\000s\000i\000g\000n\000i\000n\000g\000\040\000S\000t\000a\000c\000k\000\040\000O\000v\000e\000r\000f\000l\000o\000w\000\040}{}% 173
\BOOKMARK [1][-]{section.0.20.1}{\376\377\000\040\000G\000e\000t\000t\000i\000n\000g\000\040\000R\000e\000a\000d\000y\000:\000\040\000S\000t\000a\000c\000k\000\040\000O\000v\000e\000r\000f\000l\000o\000w\000\040}{chapter.0.20}% 174
\BOOKMARK [1][-]{section.0.20.2}{\376\377\000\040\000R\000e\000q\000u\000i\000r\000e\000m\000e\000n\000t\000s\000\040\000f\000o\000r\000\040\000S\000t\000a\000c\000k\000\040\000O\000v\000e\000r\000f\000l\000o\000w\000\040}{chapter.0.20}% 175
\BOOKMARK [1][-]{section.0.20.3}{\376\377\000\040\000U\000s\000e\000\040\000C\000a\000s\000e\000\040\000D\000i\000a\000g\000r\000a\000m\000\040\000f\000o\000r\000\040\000S\000t\000a\000c\000k\000\040\000O\000v\000e\000r\000f\000l\000o\000w\000\040}{chapter.0.20}% 176
\BOOKMARK [1][-]{section.0.20.4}{\376\377\000\040\000C\000l\000a\000s\000s\000\040\000D\000i\000a\000g\000r\000a\000m\000\040\000f\000o\000r\000\040\000S\000t\000a\000c\000k\000\040\000O\000v\000e\000r\000f\000l\000o\000w\000\040}{chapter.0.20}% 177
\BOOKMARK [1][-]{section.0.20.5}{\376\377\000\040\000S\000e\000q\000u\000e\000n\000c\000e\000\040\000D\000i\000a\000g\000r\000a\000m\000\040\000f\000o\000r\000\040\000S\000t\000a\000c\000k\000\040\000O\000v\000e\000r\000f\000l\000o\000w\000\040}{chapter.0.20}% 178
\BOOKMARK [1][-]{section.0.20.6}{\376\377\000\040\000A\000c\000t\000i\000v\000i\000t\000y\000\040\000D\000i\000a\000g\000r\000a\000m\000\040\000f\000o\000r\000\040\000S\000t\000a\000c\000k\000\040\000O\000v\000e\000r\000f\000l\000o\000w\000\040}{chapter.0.20}% 179
\BOOKMARK [1][-]{section.0.20.7}{\376\377\000\040\000C\000o\000d\000e\000\040\000f\000o\000r\000\040\000S\000t\000a\000c\000k\000\040\000O\000v\000e\000r\000f\000l\000o\000w\000\040}{chapter.0.20}% 180
\BOOKMARK [1][-]{section.0.20.8}{\376\377\000\040\000S\000u\000m\000m\000a\000r\000y\000:\000\040\000D\000e\000s\000i\000g\000n\000i\000n\000g\000\040\000S\000t\000a\000c\000k\000\040\000O\000v\000e\000r\000f\000l\000o\000w\000\040}{chapter.0.20}% 181
\BOOKMARK [1][-]{section.0.20.9}{\376\377\000\040\000K\000e\000y\000\040\000I\000n\000s\000i\000g\000h\000t\000s\000:\000\040\000S\000t\000a\000c\000k\000\040\000O\000v\000e\000r\000f\000l\000o\000w\000\040}{chapter.0.20}% 182
\BOOKMARK [0][-]{chapter.0.21}{\376\377\000\040\000D\000e\000s\000i\000g\000n\000i\000n\000g\000\040\000a\000\040\000R\000e\000s\000t\000a\000u\000r\000a\000n\000t\000\040\000M\000a\000n\000a\000g\000e\000m\000e\000n\000t\000\040\000S\000y\000s\000t\000e\000m\000\040}{}% 183
\BOOKMARK [1][-]{section.0.21.1}{\376\377\000\040\000G\000e\000t\000t\000i\000n\000g\000\040\000R\000e\000a\000d\000y\000:\000\040\000T\000h\000e\000\040\000R\000e\000s\000t\000a\000u\000r\000a\000n\000t\000\040\000M\000a\000n\000a\000g\000e\000m\000e\000n\000t\000\040\000S\000y\000s\000t\000e\000m\000\040}{chapter.0.21}% 184
\BOOKMARK [1][-]{section.0.21.2}{\376\377\000\040\000R\000e\000q\000u\000i\000r\000e\000m\000e\000n\000t\000s\000\040\000f\000o\000r\000\040\000t\000h\000e\000\040\000R\000e\000s\000t\000a\000u\000r\000a\000n\000t\000\040\000M\000a\000n\000a\000g\000e\000m\000e\000n\000t\000\040\000S\000y\000s\000t\000e\000m\000\040}{chapter.0.21}% 185
\BOOKMARK [1][-]{section.0.21.3}{\376\377\000\040\000U\000s\000e\000\040\000C\000a\000s\000e\000\040\000D\000i\000a\000g\000r\000a\000m\000\040\000f\000o\000r\000\040\000t\000h\000e\000\040\000R\000e\000s\000t\000a\000u\000r\000a\000n\000t\000\040\000M\000a\000n\000a\000g\000e\000m\000e\000n\000t\000\040\000S\000y\000s\000t\000e\000m\000\040}{chapter.0.21}% 186
\BOOKMARK [1][-]{section.0.21.4}{\376\377\000\040\000C\000l\000a\000s\000s\000\040\000d\000i\000a\000g\000r\000a\000m\000\040\000f\000o\000r\000\040\000t\000h\000e\000\040\000R\000e\000s\000t\000a\000u\000r\000a\000n\000t\000\040\000M\000a\000n\000a\000g\000e\000m\000e\000n\000t\000\040\000S\000y\000s\000t\000e\000m\000\040}{chapter.0.21}% 187
\BOOKMARK [1][-]{section.0.21.5}{\376\377\000\040\000S\000e\000q\000u\000e\000n\000c\000e\000\040\000D\000i\000a\000g\000r\000a\000m\000\040\000f\000o\000r\000\040\000t\000h\000e\000\040\000R\000e\000s\000t\000a\000u\000r\000a\000n\000t\000\040\000M\000a\000n\000a\000g\000e\000m\000e\000n\000t\000\040\000S\000y\000s\000t\000e\000m\000\040}{chapter.0.21}% 188
\BOOKMARK [1][-]{section.0.21.6}{\376\377\000\040\000A\000c\000t\000i\000v\000i\000t\000y\000\040\000D\000i\000a\000g\000r\000a\000m\000\040\000f\000o\000r\000\040\000t\000h\000e\000\040\000R\000e\000s\000t\000a\000u\000r\000a\000n\000t\000\040\000M\000a\000n\000a\000g\000e\000m\000e\000n\000t\000\040\000S\000y\000s\000t\000e\000m\000\040}{chapter.0.21}% 189
\BOOKMARK [1][-]{section.0.21.7}{\376\377\000\040\000C\000o\000d\000e\000\040\000o\000f\000\040\000R\000e\000s\000t\000a\000u\000r\000a\000n\000t\000\040\000M\000a\000n\000a\000g\000e\000m\000e\000n\000t\000\040\000S\000y\000s\000t\000e\000m\000\040}{chapter.0.21}% 190
\BOOKMARK [1][-]{section.0.21.8}{\376\377\000\040\000S\000u\000m\000m\000a\000r\000y\000:\000\040\000D\000e\000s\000i\000g\000n\000i\000n\000g\000\040\000a\000\040\000R\000e\000s\000t\000a\000u\000r\000a\000n\000t\000\040\000M\000a\000n\000a\000g\000e\000m\000e\000n\000t\000\040\000S\000y\000s\000t\000e\000m\000\040}{chapter.0.21}% 191
\BOOKMARK [1][-]{section.0.21.9}{\376\377\000\040\000K\000e\000y\000\040\000I\000n\000s\000i\000g\000h\000t\000s\000:\000\040\000T\000h\000e\000\040\000R\000e\000s\000t\000a\000u\000r\000a\000n\000t\000\040\000M\000a\000n\000a\000g\000e\000m\000e\000n\000t\000\040\000S\000y\000s\000t\000e\000m\000\040}{chapter.0.21}% 192
\BOOKMARK [0][-]{chapter.0.22}{\376\377\000\040\000D\000e\000s\000i\000g\000n\000i\000n\000g\000\040\000F\000a\000c\000e\000b\000o\000o\000k\000\040}{}% 193
\BOOKMARK [1][-]{section.0.22.1}{\376\377\000\040\000G\000e\000t\000t\000i\000n\000g\000\040\000R\000e\000a\000d\000y\000:\000\040\000T\000h\000e\000\040\000F\000a\000c\000e\000b\000o\000o\000k\000\040\000S\000y\000s\000t\000e\000m\000\040}{chapter.0.22}% 194
\BOOKMARK [1][-]{section.0.22.2}{\376\377\000\040\000R\000e\000q\000u\000i\000r\000e\000m\000e\000n\000t\000s\000\040\000f\000o\000r\000\040\000F\000a\000c\000e\000b\000o\000o\000k\000\040}{chapter.0.22}% 195
\BOOKMARK [1][-]{section.0.22.3}{\376\377\000\040\000U\000s\000e\000\040\000C\000a\000s\000e\000\040\000D\000i\000a\000g\000r\000a\000m\000\040\000f\000o\000r\000\040\000F\000a\000c\000e\000b\000o\000o\000k\000\040}{chapter.0.22}% 196
\BOOKMARK [1][-]{section.0.22.4}{\376\377\000\040\000C\000l\000a\000s\000s\000\040\000D\000i\000a\000g\000r\000a\000m\000\040\000f\000o\000r\000\040\000F\000a\000c\000e\000b\000o\000o\000k\000\040}{chapter.0.22}% 197
\BOOKMARK [1][-]{section.0.22.5}{\376\377\000\040\000S\000e\000q\000u\000e\000n\000c\000e\000\040\000D\000i\000a\000g\000r\000a\000m\000\040\000f\000o\000r\000\040\000F\000a\000c\000e\000b\000o\000o\000k\000\040}{chapter.0.22}% 198
\BOOKMARK [1][-]{section.0.22.6}{\376\377\000\040\000A\000c\000t\000i\000v\000i\000t\000y\000\040\000D\000i\000a\000g\000r\000a\000m\000\040\000f\000o\000r\000\040\000F\000a\000c\000e\000b\000o\000o\000k\000\040}{chapter.0.22}% 199
\BOOKMARK [1][-]{section.0.22.7}{\376\377\000\040\000C\000o\000d\000e\000\040\000f\000o\000r\000\040\000F\000a\000c\000e\000b\000o\000o\000k\000\040}{chapter.0.22}% 200
\BOOKMARK [1][-]{section.0.22.8}{\376\377\000\040\000S\000u\000m\000m\000a\000r\000y\000:\000\040\000D\000e\000s\000i\000g\000n\000i\000n\000g\000\040\000F\000a\000c\000e\000b\000o\000o\000k\000\040}{chapter.0.22}% 201
\BOOKMARK [1][-]{section.0.22.9}{\376\377\000\040\000K\000e\000y\000\040\000I\000n\000s\000i\000g\000h\000t\000s\000:\000\040\000F\000a\000c\000e\000b\000o\000o\000k\000\040}{chapter.0.22}% 202
\BOOKMARK [0][-]{chapter.0.23}{\376\377\000\040\000D\000e\000s\000i\000g\000n\000i\000n\000g\000\040\000a\000n\000\040\000O\000n\000l\000i\000n\000e\000\040\000S\000t\000o\000c\000k\000\040\000B\000r\000o\000k\000e\000r\000a\000g\000e\000\040\000S\000y\000s\000t\000e\000m\000\040}{}% 203
\BOOKMARK [1][-]{section.0.23.1}{\376\377\000\040\000G\000e\000t\000t\000i\000n\000g\000\040\000R\000e\000a\000d\000y\000:\000\040\000A\000n\000\040\000O\000n\000l\000i\000n\000e\000\040\000S\000t\000o\000c\000k\000\040\000B\000r\000o\000k\000e\000r\000a\000g\000e\000\040\000S\000y\000s\000t\000e\000m\000\040}{chapter.0.23}% 204
\BOOKMARK [1][-]{section.0.23.2}{\376\377\000\040\000R\000e\000q\000u\000i\000r\000e\000m\000e\000n\000t\000s\000\040\000f\000o\000r\000\040\000t\000h\000e\000\040\000O\000n\000l\000i\000n\000e\000\040\000S\000t\000o\000c\000k\000\040\000B\000r\000o\000k\000e\000r\000a\000g\000e\000\040\000S\000y\000s\000t\000e\000m\000\040}{chapter.0.23}% 205
\BOOKMARK [1][-]{section.0.23.3}{\376\377\000\040\000U\000s\000e\000\040\000C\000a\000s\000e\000\040\000D\000i\000a\000g\000r\000a\000m\000\040\000f\000o\000r\000\040\000t\000h\000e\000\040\000O\000n\000l\000i\000n\000e\000\040\000S\000t\000o\000c\000k\000\040\000B\000r\000o\000k\000e\000r\000a\000g\000e\000\040\000S\000y\000s\000t\000e\000m\000\040}{chapter.0.23}% 206
\BOOKMARK [1][-]{section.0.23.4}{\376\377\000\040\000C\000l\000a\000s\000s\000\040\000D\000i\000a\000g\000r\000a\000m\000\040\000f\000o\000r\000\040\000t\000h\000e\000\040\000O\000n\000l\000i\000n\000e\000\040\000S\000t\000o\000c\000k\000\040\000B\000r\000o\000k\000e\000r\000a\000g\000e\000\040\000S\000y\000s\000t\000e\000m\000\040}{chapter.0.23}% 207
\BOOKMARK [1][-]{section.0.23.5}{\376\377\000\040\000S\000e\000q\000u\000e\000n\000c\000e\000\040\000D\000i\000a\000g\000r\000a\000m\000\040\000f\000o\000r\000\040\000t\000h\000e\000\040\000O\000n\000l\000i\000n\000e\000\040\000S\000t\000o\000c\000k\000\040\000B\000r\000o\000k\000e\000r\000a\000g\000e\000\040\000S\000y\000s\000t\000e\000m\000\040}{chapter.0.23}% 208
\BOOKMARK [1][-]{section.0.23.6}{\376\377\000\040\000A\000c\000t\000i\000v\000i\000t\000y\000\040\000D\000i\000a\000g\000r\000a\000m\000\040\000f\000o\000r\000\040\000t\000h\000e\000\040\000O\000n\000l\000i\000n\000e\000\040\000S\000t\000o\000c\000k\000\040\000B\000r\000o\000k\000e\000r\000a\000g\000e\000\040\000S\000y\000s\000t\000e\000m\000\040}{chapter.0.23}% 209
\BOOKMARK [1][-]{section.0.23.7}{\376\377\000\040\000C\000o\000d\000e\000\040\000f\000o\000r\000\040\000t\000h\000e\000\040\000O\000n\000l\000i\000n\000e\000\040\000S\000t\000o\000c\000k\000\040\000B\000r\000o\000k\000e\000r\000a\000g\000e\000\040\000S\000y\000s\000t\000e\000m\000\040}{chapter.0.23}% 210
\BOOKMARK [1][-]{section.0.23.8}{\376\377\000\040\000S\000u\000m\000m\000a\000r\000y\000:\000\040\000D\000e\000s\000i\000g\000n\000i\000n\000g\000\040\000a\000n\000\040\000O\000n\000l\000i\000n\000e\000\040\000S\000t\000o\000c\000k\000\040\000B\000r\000o\000k\000e\000r\000a\000g\000e\000\040\000S\000y\000s\000t\000e\000m\000\040}{chapter.0.23}% 211
\BOOKMARK [1][-]{section.0.23.9}{\376\377\000\040\000K\000e\000y\000\040\000I\000n\000s\000i\000g\000h\000t\000s\000\040\000a\000n\000d\000\040\000T\000i\000p\000s\000:\000\040\000D\000e\000s\000i\000g\000n\000i\000n\000g\000\040\000a\000\040\000S\000t\000o\000c\000k\000\040\000B\000r\000o\000k\000e\000r\000a\000g\000e\000\040\000S\000y\000s\000t\000e\000m\000\040}{chapter.0.23}% 212
\BOOKMARK [0][-]{chapter.0.24}{\376\377\000\040\000D\000e\000s\000i\000g\000n\000i\000n\000g\000\040\000a\000\040\000J\000i\000g\000s\000a\000w\000\040\000P\000u\000z\000z\000l\000e\000\040}{}% 213
\BOOKMARK [1][-]{section.0.24.1}{\376\377\000\040\000G\000e\000t\000t\000i\000n\000g\000\040\000R\000e\000a\000d\000y\000:\000\040\000J\000i\000g\000s\000a\000w\000\040\000P\000u\000z\000z\000l\000e\000\040}{chapter.0.24}% 214
\BOOKMARK [1][-]{section.0.24.2}{\376\377\000\040\000R\000e\000q\000u\000i\000r\000e\000m\000e\000n\000t\000s\000\040\000f\000o\000r\000\040\000t\000h\000e\000\040\000J\000i\000g\000s\000a\000w\000\040\000P\000u\000z\000z\000l\000e\000\040}{chapter.0.24}% 215
\BOOKMARK [1][-]{section.0.24.3}{\376\377\000\040\000C\000l\000a\000s\000s\000\040\000D\000i\000a\000g\000r\000a\000m\000\040\000f\000o\000r\000\040\000t\000h\000e\000\040\000J\000i\000g\000s\000a\000w\000\040\000P\000u\000z\000z\000l\000e\000\040}{chapter.0.24}% 216
\BOOKMARK [1][-]{section.0.24.4}{\376\377\000\040\000C\000o\000d\000e\000\040\000o\000f\000\040\000J\000i\000g\000s\000a\000w\000\040\000P\000u\000z\000z\000l\000e\000\040}{chapter.0.24}% 217
\BOOKMARK [0][-]{chapter.0.25}{\376\377\000\040\000D\000e\000s\000i\000g\000n\000i\000n\000g\000\040\000a\000n\000\040\000A\000i\000r\000l\000i\000n\000e\000\040\000M\000a\000n\000a\000g\000e\000m\000e\000n\000t\000\040\000S\000y\000s\000t\000e\000m\000\040}{}% 218
\BOOKMARK [1][-]{section.0.25.1}{\376\377\000\040\000G\000e\000t\000t\000i\000n\000g\000\040\000R\000e\000a\000d\000y\000:\000\040\000T\000h\000e\000\040\000A\000i\000r\000l\000i\000n\000e\000\040\000M\000a\000n\000a\000g\000e\000m\000e\000n\000t\000\040\000S\000y\000s\000t\000e\000m\000\040}{chapter.0.25}% 219
\BOOKMARK [1][-]{section.0.25.2}{\376\377\000\040\000R\000e\000q\000u\000i\000r\000e\000m\000e\000n\000t\000s\000\040\000f\000o\000r\000\040\000t\000h\000e\000\040\000A\000i\000r\000l\000i\000n\000e\000\040\000M\000a\000n\000a\000g\000e\000m\000e\000n\000t\000\040\000S\000y\000s\000t\000e\000m\000\040}{chapter.0.25}% 220
\BOOKMARK [1][-]{section.0.25.3}{\376\377\000\040\000U\000s\000e\000\040\000C\000a\000s\000e\000\040\000D\000i\000a\000g\000r\000a\000m\000\040\000f\000o\000r\000\040\000t\000h\000e\000\040\000A\000i\000r\000l\000i\000n\000e\000\040\000M\000a\000n\000a\000g\000e\000m\000e\000n\000t\000\040\000S\000y\000s\000t\000e\000m\000\040}{chapter.0.25}% 221
\BOOKMARK [1][-]{section.0.25.4}{\376\377\000\040\000C\000l\000a\000s\000s\000\040\000D\000i\000a\000g\000r\000a\000m\000\040\000f\000o\000r\000\040\000t\000h\000e\000\040\000A\000i\000r\000l\000i\000n\000e\000\040\000M\000a\000n\000a\000g\000e\000m\000e\000n\000t\000\040\000S\000y\000s\000t\000e\000m\000\040}{chapter.0.25}% 222
\BOOKMARK [1][-]{section.0.25.5}{\376\377\000\040\000S\000e\000q\000u\000e\000n\000c\000e\000\040\000D\000i\000a\000g\000r\000a\000m\000\040\000f\000o\000r\000\040\000t\000h\000e\000\040\000A\000i\000r\000l\000i\000n\000e\000\040\000M\000a\000n\000a\000g\000e\000m\000e\000n\000t\000\040\000S\000y\000s\000t\000e\000m\000\040}{chapter.0.25}% 223
\BOOKMARK [1][-]{section.0.25.6}{\376\377\000\040\000A\000c\000t\000i\000v\000i\000t\000y\000\040\000D\000i\000a\000g\000r\000a\000m\000\040\000f\000o\000r\000\040\000t\000h\000e\000\040\000A\000i\000r\000l\000i\000n\000e\000\040\000M\000a\000n\000a\000g\000e\000m\000e\000n\000t\000\040\000S\000y\000s\000t\000e\000m\000\040}{chapter.0.25}% 224
\BOOKMARK [1][-]{section.0.25.7}{\376\377\000\040\000C\000o\000d\000e\000\040\000f\000o\000r\000\040\000t\000h\000e\000\040\000A\000i\000r\000l\000i\000n\000e\000\040\000M\000a\000n\000a\000g\000e\000m\000e\000n\000t\000\040\000S\000y\000s\000t\000e\000m\000\040}{chapter.0.25}% 225
\BOOKMARK [1][-]{section.0.25.8}{\376\377\000\040\000S\000u\000m\000m\000a\000r\000y\000:\000\040\000D\000e\000s\000i\000g\000n\000i\000n\000g\000\040\000a\000n\000\040\000A\000i\000r\000l\000i\000n\000e\000\040\000M\000a\000n\000a\000g\000e\000m\000e\000n\000t\000\040\000S\000y\000s\000t\000e\000m\000\040}{chapter.0.25}% 226
\BOOKMARK [1][-]{section.0.25.9}{\376\377\000\040\000K\000e\000y\000\040\000I\000n\000s\000i\000g\000h\000t\000s\000\040\000a\000n\000d\000\040\000T\000i\000p\000s\000:\000\040\000D\000e\000s\000i\000g\000n\000i\000n\000g\000\040\000a\000n\000\040\000A\000i\000r\000l\000i\000n\000e\000\040\000M\000a\000n\000a\000g\000e\000m\000e\000n\000t\000\040\000S\000y\000s\000t\000e\000m\000\040}{chapter.0.25}% 227
\BOOKMARK [0][-]{chapter.0.26}{\376\377\000\040\000D\000e\000s\000i\000g\000n\000i\000n\000g\000\040\000E\000S\000P\000N\000c\000r\000i\000c\000i\000n\000f\000o\000\040}{}% 228
\BOOKMARK [1][-]{section.0.26.1}{\376\377\000\040\000G\000e\000t\000t\000i\000n\000g\000\040\000R\000e\000a\000d\000y\000:\000\040\000T\000h\000e\000\040\000E\000S\000P\000N\000c\000r\000i\000c\000i\000n\000f\000o\000\040\000S\000y\000s\000t\000e\000m\000\040}{chapter.0.26}% 229
\BOOKMARK [1][-]{section.0.26.2}{\376\377\000\040\000R\000e\000q\000u\000i\000r\000e\000m\000e\000n\000t\000s\000\040\000f\000o\000r\000\040\000E\000S\000P\000N\000c\000r\000i\000c\000i\000n\000f\000o\000\040}{chapter.0.26}% 230
\BOOKMARK [1][-]{section.0.26.3}{\376\377\000\040\000U\000s\000e\000\040\000C\000a\000s\000e\000\040\000D\000i\000a\000g\000r\000a\000m\000\040\000f\000o\000r\000\040\000E\000S\000P\000N\000c\000r\000i\000c\000i\000n\000f\000o\000\040}{chapter.0.26}% 231
\BOOKMARK [1][-]{section.0.26.4}{\376\377\000\040\000C\000l\000a\000s\000s\000\040\000D\000i\000a\000g\000r\000a\000m\000\040\000f\000o\000r\000\040\000E\000S\000P\000N\000c\000r\000i\000c\000i\000n\000f\000o\000\040}{chapter.0.26}% 232
\BOOKMARK [1][-]{section.0.26.5}{\376\377\000\040\000S\000e\000q\000u\000e\000n\000c\000e\000\040\000D\000i\000a\000g\000r\000a\000m\000\040\000f\000o\000r\000\040\000E\000S\000P\000N\000c\000r\000i\000c\000i\000n\000f\000o\000\040}{chapter.0.26}% 233
\BOOKMARK [1][-]{section.0.26.6}{\376\377\000\040\000A\000c\000t\000i\000v\000i\000t\000y\000\040\000D\000i\000a\000g\000r\000a\000m\000\040\000f\000o\000r\000\040\000E\000S\000P\000N\000c\000r\000i\000c\000i\000n\000f\000o\000\040}{chapter.0.26}% 234
\BOOKMARK [1][-]{section.0.26.7}{\376\377\000\040\000C\000o\000d\000e\000\040\000f\000o\000r\000\040\000E\000S\000P\000N\000c\000r\000i\000c\000i\000n\000f\000o\000\040}{chapter.0.26}% 235
\BOOKMARK [1][-]{section.0.26.8}{\376\377\000\040\000S\000u\000m\000m\000a\000r\000y\000:\000\040\000D\000e\000s\000i\000g\000n\000i\000n\000g\000\040\000E\000S\000P\000N\000c\000r\000i\000c\000i\000n\000f\000o\000\040}{chapter.0.26}% 236
\BOOKMARK [1][-]{section.0.26.9}{\376\377\000\040\000K\000e\000y\000\040\000I\000n\000s\000i\000g\000h\000t\000s\000\040\000a\000n\000d\000\040\000T\000i\000p\000s\000:\000\040\000D\000e\000s\000i\000g\000n\000i\000n\000g\000\040\000E\000S\000P\000N\000c\000r\000i\000c\000i\000n\000f\000o\000\040}{chapter.0.26}% 237
\BOOKMARK [0][-]{chapter.0.27}{\376\377\000\040\000D\000e\000s\000i\000g\000n\000i\000n\000g\000\040\000L\000i\000n\000k\000e\000d\000I\000n\000\040}{}% 238
\BOOKMARK [1][-]{section.0.27.1}{\376\377\000\040\000G\000e\000t\000t\000i\000n\000g\000\040\000R\000e\000a\000d\000y\000:\000\040\000T\000h\000e\000\040\000L\000i\000n\000k\000e\000d\000I\000n\000\040\000S\000y\000s\000t\000e\000m\000\040}{chapter.0.27}% 239
\BOOKMARK [1][-]{section.0.27.2}{\376\377\000\040\000R\000e\000q\000u\000i\000r\000e\000m\000e\000n\000t\000s\000\040\000f\000o\000r\000\040\000L\000i\000n\000k\000e\000d\000I\000n\000\040}{chapter.0.27}% 240
\BOOKMARK [1][-]{section.0.27.3}{\376\377\000\040\000U\000s\000e\000\040\000C\000a\000s\000e\000\040\000D\000i\000a\000g\000r\000a\000m\000\040\000f\000o\000r\000\040\000L\000i\000n\000k\000e\000d\000I\000n\000\040}{chapter.0.27}% 241
\BOOKMARK [1][-]{section.0.27.4}{\376\377\000\040\000C\000l\000a\000s\000s\000\040\000D\000i\000a\000g\000r\000a\000m\000\040\000f\000o\000r\000\040\000L\000i\000n\000k\000e\000d\000I\000n\000\040}{chapter.0.27}% 242
\BOOKMARK [1][-]{section.0.27.5}{\376\377\000\040\000S\000e\000q\000u\000e\000n\000c\000e\000\040\000D\000i\000a\000g\000r\000a\000m\000\040\000f\000o\000r\000\040\000L\000i\000n\000k\000e\000d\000I\000n\000\040}{chapter.0.27}% 243
\BOOKMARK [1][-]{section.0.27.6}{\376\377\000\040\000A\000c\000t\000i\000v\000i\000t\000y\000\040\000D\000i\000a\000g\000r\000a\000m\000\040\000f\000o\000r\000\040\000L\000i\000n\000k\000e\000d\000I\000n\000\040}{chapter.0.27}% 244
\BOOKMARK [1][-]{section.0.27.7}{\376\377\000\040\000C\000o\000d\000e\000\040\000f\000o\000r\000\040\000L\000i\000n\000k\000e\000d\000I\000n\000\040}{chapter.0.27}% 245
\BOOKMARK [1][-]{section.0.27.8}{\376\377\000\040\000S\000u\000m\000m\000a\000r\000y\000:\000\040\000D\000e\000s\000i\000g\000n\000i\000n\000g\000\040\000L\000i\000n\000k\000e\000d\000I\000n\000\040}{chapter.0.27}% 246
\BOOKMARK [1][-]{section.0.27.9}{\376\377\000\040\000K\000e\000y\000\040\000I\000n\000s\000i\000g\000h\000t\000s\000\040\000a\000n\000d\000\040\000T\000i\000p\000s\000:\000\040\000L\000i\000n\000k\000e\000d\000I\000n\000\040\000S\000y\000s\000t\000e\000m\000\040}{chapter.0.27}% 247
\BOOKMARK [0][-]{chapter.0.28}{\376\377\000\040\000W\000r\000a\000p\000p\000i\000n\000g\000\040\000U\000p\000\040}{}% 248
\BOOKMARK [1][-]{section.0.28.1}{\376\377\000\040\000I\000n\000t\000e\000r\000v\000i\000e\000w\000\040\000T\000i\000p\000s\000\040}{chapter.0.28}% 249
\BOOKMARK [1][-]{section.0.28.2}{\376\377\000\040\000C\000o\000n\000c\000l\000u\000s\000i\000o\000n\000\040}{chapter.0.28}% 250
\BOOKMARK [0][-]{chapter.0.29}{\376\377\000\040\000R\000e\000c\000o\000v\000e\000r\000e\000d\000\040\000L\000e\000s\000s\000o\000n\000s\000\040}{}% 251
\BOOKMARK [1][-]{section.0.29.1}{\376\377\000N\000o\000\040\000S\000e\000c\000t\000i\000o\000n\000s\000\040\000A\000v\000a\000i\000l\000a\000b\000l\000e}{chapter.0.29}% 252
