\BOOKMARK [0][-]{chapter*.1}{\376\377\000P\000r\000e\000f\000a\000c\000e}{}% 1
\BOOKMARK [0][-]{chapter*.2}{\376\377\000C\000o\000n\000t\000e\000n\000t\000s}{}% 2
\BOOKMARK [0][-]{chapter*.3}{\376\377\000L\000i\000s\000t\000\040\000o\000f\000\040\000F\000i\000g\000u\000r\000e\000s}{}% 3
\BOOKMARK [0][-]{chapter*.4}{\376\377\000L\000i\000s\000t\000\040\000o\000f\000\040\000T\000a\000b\000l\000e\000s}{}% 4
\BOOKMARK [0][-]{chapter.0.1}{\376\377\000\040\000S\000y\000s\000t\000e\000m\000\040\000D\000e\000s\000i\000g\000n\000\040\000I\000n\000t\000e\000r\000v\000i\000e\000w\000s\000\040}{}% 5
\BOOKMARK [1][-]{section.0.1.1}{\376\377\000\040\000G\000e\000t\000t\000i\000n\000g\000\040\000R\000e\000a\000d\000y\000\040\000f\000o\000r\000\040\000t\000h\000e\000\040\000S\000y\000s\000t\000e\000m\000\040\000D\000e\000s\000i\000g\000n\000\040\000I\000n\000t\000e\000r\000v\000i\000e\000w\000\040}{chapter.0.1}% 6
\BOOKMARK [1][-]{section.0.1.2}{\376\377\000\040\000K\000e\000y\000\040\000C\000o\000n\000c\000e\000p\000t\000s\000\040\000t\000o\000\040\000P\000r\000e\000p\000a\000r\000e\000\040\000f\000o\000r\000\040\000t\000h\000e\000\040\000S\000y\000s\000t\000e\000m\000\040\000D\000e\000s\000i\000g\000n\000\040\000I\000n\000t\000e\000r\000v\000i\000e\000w\000\040}{chapter.0.1}% 7
\BOOKMARK [1][-]{section.0.1.3}{\376\377\000\040\000R\000e\000s\000o\000u\000r\000c\000e\000s\000\040\000t\000o\000\040\000P\000r\000e\000p\000a\000r\000e\000\040\000f\000o\000r\000\040\000a\000\040\000S\000y\000s\000t\000e\000m\000\040\000D\000e\000s\000i\000g\000n\000\040\000I\000n\000t\000e\000r\000v\000i\000e\000w\000\040}{chapter.0.1}% 8
\BOOKMARK [1][-]{section.0.1.4}{\376\377\000T\000h\000e\000\040\000r\000i\000g\000h\000t\000\040\000d\000i\000r\000e\000c\000t\000i\000o\000n}{chapter.0.1}% 9
\BOOKMARK [1][-]{section.0.1.5}{\376\377\000\040\000T\000h\000e\000\040\000D\000o\040\031\000s\000\040\000a\000n\000d\000\040\000D\000o\000n\040\031\000t\000s\000\040\000o\000f\000\040\000t\000h\000e\000\040\000S\000y\000s\000t\000e\000m\000\040\000D\000e\000s\000i\000g\000n\000\040\000I\000n\000t\000e\000r\000v\000i\000e\000w\000\040}{chapter.0.1}% 10
\BOOKMARK [1][-]{section.0.1.6}{\376\377\000\040\000L\000e\000t\000\040\000A\000I\000\040\000E\000v\000a\000l\000u\000a\000t\000e\000\040\000y\000o\000u\000r\000\040\000S\000y\000s\000t\000e\000m\000\040\000D\000e\000s\000i\000g\000n\000\040\000I\000n\000t\000e\000r\000v\000i\000e\000w\000\040\000P\000r\000e\000p\000a\000r\000a\000t\000i\000o\000n\000\040}{chapter.0.1}% 11
\BOOKMARK [0][-]{chapter.0.2}{\376\377\000\040\000I\000n\000t\000r\000o\000d\000u\000c\000t\000i\000o\000n\000\040}{}% 12
\BOOKMARK [1][-]{section.0.2.1}{\376\377\000\040\000I\000n\000t\000r\000o\000d\000u\000c\000t\000i\000o\000n\000\040\000t\000o\000\040\000M\000o\000d\000e\000r\000n\000\040\000S\000y\000s\000t\000e\000m\000\040\000D\000e\000s\000i\000g\000n\000\040}{chapter.0.2}% 13
\BOOKMARK [1][-]{section.0.2.2}{\376\377\000\040\000C\000o\000u\000r\000s\000e\000\040\000S\000t\000r\000u\000c\000t\000u\000r\000e\000\040\000f\000o\000r\000\040\000M\000o\000d\000e\000r\000n\000\040\000S\000y\000s\000t\000e\000m\000\040\000D\000e\000s\000i\000g\000n\000\040}{chapter.0.2}% 14
\BOOKMARK [0][-]{chapter.0.3}{\376\377\000\040\000A\000b\000s\000t\000r\000a\000c\000t\000i\000o\000n\000s\000\040}{}% 15
\BOOKMARK [1][-]{section.0.3.1}{\376\377\000\040\000W\000h\000y\000\040\000A\000r\000e\000\040\000A\000b\000s\000t\000r\000a\000c\000t\000i\000o\000n\000s\000\040\000I\000m\000p\000o\000r\000t\000a\000n\000t\000?\000\040}{chapter.0.3}% 16
\BOOKMARK [1][-]{section.0.3.2}{\376\377\000\040\000N\000e\000t\000w\000o\000r\000k\000\040\000A\000b\000s\000t\000r\000a\000c\000t\000i\000o\000n\000s\000:\000\040\000R\000e\000m\000o\000t\000e\000\040\000P\000r\000o\000c\000e\000d\000u\000r\000e\000\040\000C\000a\000l\000l\000s\000\040}{chapter.0.3}% 17
\BOOKMARK [1][-]{section.0.3.3}{\376\377\000\040\000S\000p\000e\000c\000t\000r\000u\000m\000\040\000o\000f\000\040\000C\000o\000n\000s\000i\000s\000t\000e\000n\000c\000y\000\040\000M\000o\000d\000e\000l\000s\000\040}{chapter.0.3}% 18
\BOOKMARK [1][-]{section.0.3.4}{\376\377\000\040\000T\000h\000e\000\040\000S\000p\000e\000c\000t\000r\000u\000m\000\040\000o\000f\000\040\000F\000a\000i\000l\000u\000r\000e\000\040\000M\000o\000d\000e\000l\000s\000\040}{chapter.0.3}% 19
\BOOKMARK [0][-]{chapter.0.4}{\376\377\000\040\000N\000o\000n\000-\000f\000u\000n\000c\000t\000i\000o\000n\000a\000l\000\040\000S\000y\000s\000t\000e\000m\000\040\000C\000h\000a\000r\000a\000c\000t\000e\000r\000i\000s\000t\000i\000c\000s\000\040}{}% 20
\BOOKMARK [1][-]{section.0.4.1}{\376\377\000\040\000A\000v\000a\000i\000l\000a\000b\000i\000l\000i\000t\000y\000\040}{chapter.0.4}% 21
\BOOKMARK [1][-]{section.0.4.2}{\376\377\000\040\000R\000e\000l\000i\000a\000b\000i\000l\000i\000t\000y\000\040}{chapter.0.4}% 22
\BOOKMARK [1][-]{section.0.4.3}{\376\377\000\040\000S\000c\000a\000l\000a\000b\000i\000l\000i\000t\000y\000\040}{chapter.0.4}% 23
\BOOKMARK [1][-]{section.0.4.4}{\376\377\000\040\000M\000a\000i\000n\000t\000a\000i\000n\000a\000b\000i\000l\000i\000t\000y\000\040}{chapter.0.4}% 24
\BOOKMARK [1][-]{section.0.4.5}{\376\377\000\040\000F\000a\000u\000l\000t\000\040\000T\000o\000l\000e\000r\000a\000n\000c\000e\000\040}{chapter.0.4}% 25
\BOOKMARK [1][-]{section.0.4.6}{\376\377\000\040\000L\000e\000t\000\040\000A\000I\000\040\000E\000v\000a\000l\000u\000a\000t\000e\000\040\000Y\000o\000u\000r\000\040\000U\000n\000d\000e\000r\000s\000t\000a\000n\000d\000i\000n\000g\000\040\000o\000f\000\040\000N\000o\000n\000-\000F\000u\000n\000c\000t\000i\000o\000n\000a\000l\000\040\000R\000e\000q\000u\000i\000r\000e\000m\000e\000n\000t\000s\000\040}{chapter.0.4}% 26
\BOOKMARK [0][-]{chapter.0.5}{\376\377\000\040\000B\000a\000c\000k\000-\000o\000f\000-\000t\000h\000e\000-\000e\000n\000v\000e\000l\000o\000p\000e\000\040\000C\000a\000l\000c\000u\000l\000a\000t\000i\000o\000n\000s\000\040}{}% 27
\BOOKMARK [1][-]{section.0.5.1}{\376\377\000\040\000P\000u\000t\000\040\000B\000a\000c\000k\000-\000o\000f\000-\000t\000h\000e\000-\000e\000n\000v\000e\000l\000o\000p\000e\000\040\000N\000u\000m\000b\000e\000r\000s\000\040\000i\000n\000\040\000P\000e\000r\000s\000p\000e\000c\000t\000i\000v\000e\000\040}{chapter.0.5}% 28
\BOOKMARK [1][-]{section.0.5.2}{\376\377\000\040\000E\000x\000a\000m\000p\000l\000e\000s\000\040\000o\000f\000\040\000R\000e\000s\000o\000u\000r\000c\000e\000\040\000E\000s\000t\000i\000m\000a\000t\000i\000o\000n\000\040}{chapter.0.5}% 29
\BOOKMARK [0][-]{chapter.0.6}{\376\377\000\040\000B\000u\000i\000l\000d\000i\000n\000g\000\040\000B\000l\000o\000c\000k\000s\000\040}{}% 30
\BOOKMARK [1][-]{section.0.6.1}{\376\377\000\040\000I\000n\000t\000r\000o\000d\000u\000c\000t\000i\000o\000n\000\040\000t\000o\000\040\000B\000u\000i\000l\000d\000i\000n\000g\000\040\000B\000l\000o\000c\000k\000s\000\040\000f\000o\000r\000\040\000M\000o\000d\000e\000r\000n\000\040\000S\000y\000s\000t\000e\000m\000\040\000D\000e\000s\000i\000g\000n\000\040}{chapter.0.6}% 31
\BOOKMARK [0][-]{chapter.0.7}{\376\377\000\040\000D\000o\000m\000a\000i\000n\000\040\000N\000a\000m\000e\000\040\000S\000y\000s\000t\000e\000m\000\040}{}% 32
\BOOKMARK [1][-]{section.0.7.1}{\376\377\000\040\000I\000n\000t\000r\000o\000d\000u\000c\000t\000i\000o\000n\000\040\000t\000o\000\040\000D\000o\000m\000a\000i\000n\000\040\000N\000a\000m\000e\000\040\000S\000y\000s\000t\000e\000m\000\040\000\050\000D\000N\000S\000\051\000\040}{chapter.0.7}% 33
\BOOKMARK [1][-]{section.0.7.2}{\376\377\000\040\000H\000o\000w\000\040\000t\000h\000e\000\040\000D\000o\000m\000a\000i\000n\000\040\000N\000a\000m\000e\000\040\000S\000y\000s\000t\000e\000m\000\040\000W\000o\000r\000k\000s\000\040}{chapter.0.7}% 34
\BOOKMARK [0][-]{chapter.0.8}{\376\377\000\040\000L\000o\000a\000d\000\040\000B\000a\000l\000a\000n\000c\000e\000r\000s\000\040}{}% 35
\BOOKMARK [1][-]{section.0.8.1}{\376\377\000\040\000I\000n\000t\000r\000o\000d\000u\000c\000t\000i\000o\000n\000\040\000t\000o\000\040\000L\000o\000a\000d\000\040\000B\000a\000l\000a\000n\000c\000e\000r\000s\000\040}{chapter.0.8}% 36
\BOOKMARK [1][-]{section.0.8.2}{\376\377\000\040\000G\000l\000o\000b\000a\000l\000\040\000a\000n\000d\000\040\000L\000o\000c\000a\000l\000\040\000L\000o\000a\000d\000\040\000B\000a\000l\000a\000n\000c\000i\000n\000g\000\040}{chapter.0.8}% 37
\BOOKMARK [1][-]{section.0.8.3}{\376\377\000\040\000A\000d\000v\000a\000n\000c\000e\000d\000\040\000D\000e\000t\000a\000i\000l\000s\000\040\000o\000f\000\040\000L\000o\000a\000d\000\040\000B\000a\000l\000a\000n\000c\000e\000r\000s\000\040}{chapter.0.8}% 38
\BOOKMARK [0][-]{chapter.0.9}{\376\377\000\040\000D\000a\000t\000a\000b\000a\000s\000e\000s\000\040}{}% 39
\BOOKMARK [1][-]{section.0.9.1}{\376\377\000\040\000I\000n\000t\000r\000o\000d\000u\000c\000t\000i\000o\000n\000\040\000t\000o\000\040\000D\000a\000t\000a\000b\000a\000s\000e\000s\000\040}{chapter.0.9}% 40
\BOOKMARK [1][-]{section.0.9.2}{\376\377\000\040\000T\000y\000p\000e\000s\000\040\000o\000f\000\040\000D\000a\000t\000a\000b\000a\000s\000e\000s\000\040}{chapter.0.9}% 41
\BOOKMARK [1][-]{section.0.9.3}{\376\377\000\040\000D\000a\000t\000a\000\040\000R\000e\000p\000l\000i\000c\000a\000t\000i\000o\000n\000\040}{chapter.0.9}% 42
\BOOKMARK [1][-]{section.0.9.4}{\376\377\000\040\000D\000a\000t\000a\000\040\000P\000a\000r\000t\000i\000t\000i\000o\000n\000i\000n\000g\000\040}{chapter.0.9}% 43
\BOOKMARK [1][-]{section.0.9.5}{\376\377\000\040\000T\000r\000a\000d\000e\000-\000o\000f\000f\000s\000\040\000i\000n\000\040\000D\000a\000t\000a\000b\000a\000s\000e\000s\000\040}{chapter.0.9}% 44
\BOOKMARK [0][-]{chapter.0.10}{\376\377\000\040\000K\000e\000y\000-\000v\000a\000l\000u\000e\000\040\000S\000t\000o\000r\000e\000\040}{}% 45
\BOOKMARK [1][-]{section.0.10.1}{\376\377\000\040\000S\000y\000s\000t\000e\000m\000\040\000D\000e\000s\000i\000g\000n\000:\000\040\000T\000h\000e\000\040\000K\000e\000y\000-\000v\000a\000l\000u\000e\000\040\000S\000t\000o\000r\000e\000\040}{chapter.0.10}% 46
\BOOKMARK [1][-]{section.0.10.2}{\376\377\000\040\000D\000e\000s\000i\000g\000n\000\040\000o\000f\000\040\000a\000\040\000K\000e\000y\000-\000v\000a\000l\000u\000e\000\040\000S\000t\000o\000r\000e\000\040}{chapter.0.10}% 47
\BOOKMARK [1][-]{section.0.10.3}{\376\377\000\040\000E\000n\000s\000u\000r\000e\000\040\000S\000c\000a\000l\000a\000b\000i\000l\000i\000t\000y\000\040\000a\000n\000d\000\040\000R\000e\000p\000l\000i\000c\000a\000t\000i\000o\000n\000\040}{chapter.0.10}% 48
\BOOKMARK [1][-]{section.0.10.4}{\376\377\000\040\000V\000e\000r\000s\000i\000o\000n\000i\000n\000g\000\040\000D\000a\000t\000a\000\040\000a\000n\000d\000\040\000A\000c\000h\000i\000e\000v\000i\000n\000g\000\040\000C\000o\000n\000f\000i\000g\000u\000r\000a\000b\000i\000l\000i\000t\000y\000\040}{chapter.0.10}% 49
\BOOKMARK [1][-]{section.0.10.5}{\376\377\000\040\000E\000n\000a\000b\000l\000e\000\040\000F\000a\000u\000l\000t\000\040\000T\000o\000l\000e\000r\000a\000n\000c\000e\000\040\000a\000n\000d\000\040\000F\000a\000i\000l\000u\000r\000e\000\040\000D\000e\000t\000e\000c\000t\000i\000o\000n\000\040}{chapter.0.10}% 50
\BOOKMARK [0][-]{chapter.0.11}{\376\377\000\040\000C\000o\000n\000t\000e\000n\000t\000\040\000D\000e\000l\000i\000v\000e\000r\000y\000\040\000N\000e\000t\000w\000o\000r\000k\000\040\000\050\000C\000D\000N\000\051\000\040}{}% 51
\BOOKMARK [1][-]{section.0.11.1}{\376\377\000\040\000S\000y\000s\000t\000e\000m\000\040\000D\000e\000s\000i\000g\000n\000:\000\040\000T\000h\000e\000\040\000C\000o\000n\000t\000e\000n\000t\000\040\000D\000e\000l\000i\000v\000e\000r\000y\000\040\000N\000e\000t\000w\000o\000r\000k\000\040\000\050\000C\000D\000N\000\051\000\040}{chapter.0.11}% 52
\BOOKMARK [1][-]{section.0.11.2}{\376\377\000\040\000I\000n\000t\000r\000o\000d\000u\000c\000t\000i\000o\000n\000\040\000t\000o\000\040\000a\000\040\000C\000D\000N\000\040}{chapter.0.11}% 53
\BOOKMARK [1][-]{section.0.11.3}{\376\377\000\040\000D\000e\000s\000i\000g\000n\000\040\000o\000f\000\040\000a\000\040\000C\000D\000N\000\040}{chapter.0.11}% 54
\BOOKMARK [1][-]{section.0.11.4}{\376\377\000\040\000I\000n\000-\000d\000e\000p\000t\000h\000\040\000I\000n\000v\000e\000s\000t\000i\000g\000a\000t\000i\000o\000n\000\040\000o\000f\000\040\000C\000D\000N\000:\000\040\000P\000a\000r\000t\000\040\0001\000\040}{chapter.0.11}% 55
\BOOKMARK [1][-]{section.0.11.5}{\376\377\000\040\000I\000n\000-\000d\000e\000p\000t\000h\000\040\000I\000n\000v\000e\000s\000t\000i\000g\000a\000t\000i\000o\000n\000\040\000o\000f\000\040\000C\000D\000N\000:\000\040\000P\000a\000r\000t\000\040\0002\000\040}{chapter.0.11}% 56
\BOOKMARK [1][-]{section.0.11.6}{\376\377\000\040\000E\000v\000a\000l\000u\000a\000t\000i\000o\000n\000\040\000o\000f\000\040\000C\000D\000N\000'\000s\000\040\000D\000e\000s\000i\000g\000n\000\040}{chapter.0.11}% 57
\BOOKMARK [1][-]{section.0.11.7}{\376\377\000\040\000Q\000u\000i\000z\000\040\000o\000n\000\040\000C\000D\000N\000'\000s\000\040\000D\000e\000s\000i\000g\000n\000\040}{chapter.0.11}% 58
\BOOKMARK [0][-]{chapter.0.12}{\376\377\000\040\000S\000e\000q\000u\000e\000n\000c\000e\000r\000\040}{}% 59
\BOOKMARK [1][-]{section.0.12.1}{\376\377\000\040\000S\000y\000s\000t\000e\000m\000\040\000D\000e\000s\000i\000g\000n\000:\000\040\000S\000e\000q\000u\000e\000n\000c\000e\000r\000\040}{chapter.0.12}% 60
\BOOKMARK [1][-]{section.0.12.2}{\376\377\000\040\000D\000e\000s\000i\000g\000n\000\040\000o\000f\000\040\000a\000\040\000U\000n\000i\000q\000u\000e\000\040\000I\000D\000\040\000G\000e\000n\000e\000r\000a\000t\000o\000r\000\040}{chapter.0.12}% 61
\BOOKMARK [1][-]{section.0.12.3}{\376\377\000\040\000U\000n\000i\000q\000u\000e\000\040\000I\000D\000s\000\040\000w\000i\000t\000h\000\040\000C\000a\000u\000s\000a\000l\000i\000t\000y\000\040}{chapter.0.12}% 62
\BOOKMARK [0][-]{chapter.0.13}{\376\377\000\040\000D\000i\000s\000t\000r\000i\000b\000u\000t\000e\000d\000\040\000M\000o\000n\000i\000t\000o\000r\000i\000n\000g\000\040}{}% 63
\BOOKMARK [1][-]{section.0.13.1}{\376\377\000\040\000S\000y\000s\000t\000e\000m\000\040\000D\000e\000s\000i\000g\000n\000:\000\040\000D\000i\000s\000t\000r\000i\000b\000u\000t\000e\000d\000\040\000M\000o\000n\000i\000t\000o\000r\000i\000n\000g\000\040}{chapter.0.13}% 64
\BOOKMARK [1][-]{section.0.13.2}{\376\377\000\040\000I\000n\000t\000r\000o\000d\000u\000c\000t\000i\000o\000n\000\040\000t\000o\000\040\000D\000i\000s\000t\000r\000i\000b\000u\000t\000e\000d\000\040\000M\000o\000n\000i\000t\000o\000r\000i\000n\000g\000\040}{chapter.0.13}% 65
\BOOKMARK [1][-]{section.0.13.3}{\376\377\000\040\000P\000r\000e\000r\000e\000q\000u\000i\000s\000i\000t\000e\000s\000\040\000o\000f\000\040\000a\000\040\000M\000o\000n\000i\000t\000o\000r\000i\000n\000g\000\040\000S\000y\000s\000t\000e\000m\000\040}{chapter.0.13}% 66
\BOOKMARK [0][-]{chapter.0.14}{\376\377\000\040\000M\000o\000n\000i\000t\000o\000r\000\040\000S\000e\000r\000v\000e\000r\000-\000s\000i\000d\000e\000\040\000E\000r\000r\000o\000r\000s\000\040}{}% 67
\BOOKMARK [1][-]{section.0.14.1}{\376\377\000\040\000D\000e\000s\000i\000g\000n\000\040\000o\000f\000\040\000a\000\040\000M\000o\000n\000i\000t\000o\000r\000i\000n\000g\000\040\000S\000y\000s\000t\000e\000m\000\040}{chapter.0.14}% 68
\BOOKMARK [1][-]{section.0.14.2}{\376\377\000\040\000D\000e\000t\000a\000i\000l\000e\000d\000\040\000D\000e\000s\000i\000g\000n\000\040\000o\000f\000\040\000a\000\040\000M\000o\000n\000i\000t\000o\000r\000i\000n\000g\000\040\000S\000y\000s\000t\000e\000m\000\040}{chapter.0.14}% 69
\BOOKMARK [1][-]{section.0.14.3}{\376\377\000\040\000V\000i\000s\000u\000a\000l\000i\000z\000e\000\040\000D\000a\000t\000a\000\040\000i\000n\000\040\000a\000\040\000M\000o\000n\000i\000t\000o\000r\000i\000n\000g\000\040\000S\000y\000s\000t\000e\000m\000\040}{chapter.0.14}% 70
\BOOKMARK [0][-]{chapter.0.15}{\376\377\000\040\000M\000o\000n\000i\000t\000o\000r\000\040\000C\000l\000i\000e\000n\000t\000-\000s\000i\000d\000e\000\040\000E\000r\000r\000o\000r\000s\000\040}{}% 71
\BOOKMARK [1][-]{section.0.15.1}{\376\377\000\040\000F\000o\000c\000u\000s\000\040\000o\000n\000\040\000C\000l\000i\000e\000n\000t\000-\000s\000i\000d\000e\000\040\000E\000r\000r\000o\000r\000s\000\040\000i\000n\000\040\000a\000\040\000M\000o\000n\000i\000t\000o\000r\000i\000n\000g\000\040\000S\000y\000s\000t\000e\000m\000\040}{chapter.0.15}% 72
\BOOKMARK [1][-]{section.0.15.2}{\376\377\000\040\000D\000e\000s\000i\000g\000n\000\040\000o\000f\000\040\000a\000\040\000C\000l\000i\000e\000n\000t\000-\000s\000i\000d\000e\000\040\000M\000o\000n\000i\000t\000o\000r\000i\000n\000g\000\040\000S\000y\000s\000t\000e\000m\000\040}{chapter.0.15}% 73
\BOOKMARK [0][-]{chapter.0.16}{\376\377\000\040\000D\000i\000s\000t\000r\000i\000b\000u\000t\000e\000d\000\040\000C\000a\000c\000h\000e\000\040}{}% 74
\BOOKMARK [1][-]{section.0.16.1}{\376\377\000\040\000S\000y\000s\000t\000e\000m\000\040\000D\000e\000s\000i\000g\000n\000:\000\040\000T\000h\000e\000\040\000D\000i\000s\000t\000r\000i\000b\000u\000t\000e\000d\000\040\000C\000a\000c\000h\000e\000\040}{chapter.0.16}% 75
\BOOKMARK [1][-]{section.0.16.2}{\376\377\000\040\000B\000a\000c\000k\000g\000r\000o\000u\000n\000d\000\040\000o\000f\000\040\000D\000i\000s\000t\000r\000i\000b\000u\000t\000e\000d\000\040\000C\000a\000c\000h\000e\000\040}{chapter.0.16}% 76
\BOOKMARK [1][-]{section.0.16.3}{\376\377\000\040\000H\000i\000g\000h\000-\000l\000e\000v\000e\000l\000\040\000D\000e\000s\000i\000g\000n\000\040\000o\000f\000\040\000a\000\040\000D\000i\000s\000t\000r\000i\000b\000u\000t\000e\000d\000\040\000C\000a\000c\000h\000e\000\040}{chapter.0.16}% 77
\BOOKMARK [1][-]{section.0.16.4}{\376\377\000\040\000D\000e\000t\000a\000i\000l\000e\000d\000\040\000D\000e\000s\000i\000g\000n\000\040\000o\000f\000\040\000a\000\040\000D\000i\000s\000t\000r\000i\000b\000u\000t\000e\000d\000\040\000C\000a\000c\000h\000e\000\040}{chapter.0.16}% 78
\BOOKMARK [1][-]{section.0.16.5}{\376\377\000\040\000E\000v\000a\000l\000u\000a\000t\000i\000o\000n\000\040\000o\000f\000\040\000a\000\040\000D\000i\000s\000t\000r\000i\000b\000u\000t\000e\000d\000\040\000C\000a\000c\000h\000e\000'\000s\000\040\000D\000e\000s\000i\000g\000n\000\040}{chapter.0.16}% 79
\BOOKMARK [1][-]{section.0.16.6}{\376\377\000\040\000M\000e\000m\000c\000a\000c\000h\000e\000d\000\040\000v\000e\000r\000s\000u\000s\000\040\000R\000e\000d\000i\000s\000\040}{chapter.0.16}% 80
\BOOKMARK [0][-]{chapter.0.17}{\376\377\000\040\000D\000i\000s\000t\000r\000i\000b\000u\000t\000e\000d\000\040\000M\000e\000s\000s\000a\000g\000i\000n\000g\000\040\000Q\000u\000e\000u\000e\000\040}{}% 81
\BOOKMARK [1][-]{section.0.17.1}{\376\377\000\040\000S\000y\000s\000t\000e\000m\000\040\000D\000e\000s\000i\000g\000n\000:\000\040\000T\000h\000e\000\040\000D\000i\000s\000t\000r\000i\000b\000u\000t\000e\000d\000\040\000M\000e\000s\000s\000a\000g\000i\000n\000g\000\040\000Q\000u\000e\000u\000e\000\040}{chapter.0.17}% 82
\BOOKMARK [1][-]{section.0.17.2}{\376\377\000\040\000R\000e\000q\000u\000i\000r\000e\000m\000e\000n\000t\000s\000\040\000o\000f\000\040\000a\000\040\000D\000i\000s\000t\000r\000i\000b\000u\000t\000e\000d\000\040\000M\000e\000s\000s\000a\000g\000i\000n\000g\000\040\000Q\000u\000e\000u\000e\040\031\000s\000\040\000D\000e\000s\000i\000g\000n\000\040}{chapter.0.17}% 83
\BOOKMARK [1][-]{section.0.17.3}{\376\377\000\040\000C\000o\000n\000s\000i\000d\000e\000r\000a\000t\000i\000o\000n\000s\000\040\000o\000f\000\040\000a\000\040\000D\000i\000s\000t\000r\000i\000b\000u\000t\000e\000d\000\040\000M\000e\000s\000s\000a\000g\000i\000n\000g\000\040\000Q\000u\000e\000u\000e\040\031\000s\000\040\000D\000e\000s\000i\000g\000n\000\040}{chapter.0.17}% 84
\BOOKMARK [1][-]{section.0.17.4}{\376\377\000\040\000D\000e\000s\000i\000g\000n\000\040\000o\000f\000\040\000a\000\040\000D\000i\000s\000t\000r\000i\000b\000u\000t\000e\000d\000\040\000M\000e\000s\000s\000a\000g\000i\000n\000g\000\040\000Q\000u\000e\000u\000e\000:\000\040\000P\000a\000r\000t\000\040\0001\000\040}{chapter.0.17}% 85
\BOOKMARK [1][-]{section.0.17.5}{\376\377\000\040\000D\000e\000s\000i\000g\000n\000\040\000o\000f\000\040\000a\000\040\000D\000i\000s\000t\000r\000i\000b\000u\000t\000e\000d\000\040\000M\000e\000s\000s\000a\000g\000i\000n\000g\000\040\000Q\000u\000e\000u\000e\000:\000\040\000P\000a\000r\000t\000\040\0002\000\040}{chapter.0.17}% 86
\BOOKMARK [1][-]{section.0.17.6}{\376\377\000\040\000E\000v\000a\000l\000u\000a\000t\000i\000o\000n\000\040\000o\000f\000\040\000a\000\040\000D\000i\000s\000t\000r\000i\000b\000u\000t\000e\000d\000\040\000M\000e\000s\000s\000a\000g\000i\000n\000g\000\040\000Q\000u\000e\000u\000e\040\031\000s\000\040\000D\000e\000s\000i\000g\000n\000\040}{chapter.0.17}% 87
\BOOKMARK [1][-]{section.0.17.7}{\376\377\000\040\000Q\000u\000i\000z\000\040\000o\000n\000\040\000t\000h\000e\000\040\000D\000i\000s\000t\000r\000i\000b\000u\000t\000e\000d\000\040\000M\000e\000s\000s\000a\000g\000i\000n\000g\000\040\000Q\000u\000e\000u\000e\040\031\000s\000\040\000D\000e\000s\000i\000g\000n\000\040}{chapter.0.17}% 88
\BOOKMARK [0][-]{chapter.0.18}{\376\377\000\040\000P\000u\000b\000-\000s\000u\000b\000\040}{}% 89
\BOOKMARK [1][-]{section.0.18.1}{\376\377\000\040\000S\000y\000s\000t\000e\000m\000\040\000D\000e\000s\000i\000g\000n\000:\000\040\000T\000h\000e\000\040\000P\000u\000b\000-\000s\000u\000b\000\040\000A\000b\000s\000t\000r\000a\000c\000t\000i\000o\000n\000\040}{chapter.0.18}% 90
\BOOKMARK [1][-]{section.0.18.2}{\376\377\000\040\000I\000n\000t\000r\000o\000d\000u\000c\000t\000i\000o\000n\000\040\000t\000o\000\040\000P\000u\000b\000-\000s\000u\000b\000\040}{chapter.0.18}% 91
\BOOKMARK [1][-]{section.0.18.3}{\376\377\000\040\000D\000e\000s\000i\000g\000n\000\040\000o\000f\000\040\000a\000\040\000P\000u\000b\000-\000s\000u\000b\000\040\000S\000y\000s\000t\000e\000m\000\040}{chapter.0.18}% 92
\BOOKMARK [0][-]{chapter.0.19}{\376\377\000\040\000R\000a\000t\000e\000\040\000L\000i\000m\000i\000t\000e\000r\000\040}{}% 93
\BOOKMARK [1][-]{section.0.19.1}{\376\377\000\040\000S\000y\000s\000t\000e\000m\000\040\000D\000e\000s\000i\000g\000n\000:\000\040\000T\000h\000e\000\040\000R\000a\000t\000e\000\040\000L\000i\000m\000i\000t\000e\000r\000\040}{chapter.0.19}% 94
\BOOKMARK [1][-]{section.0.19.2}{\376\377\000\040\000R\000e\000q\000u\000i\000r\000e\000m\000e\000n\000t\000s\000\040\000o\000f\000\040\000a\000\040\000R\000a\000t\000e\000\040\000L\000i\000m\000i\000t\000e\000r\040\031\000s\000\040\000D\000e\000s\000i\000g\000n\000\040}{chapter.0.19}% 95
\BOOKMARK [1][-]{section.0.19.3}{\376\377\000\040\000D\000e\000s\000i\000g\000n\000\040\000o\000f\000\040\000a\000\040\000R\000a\000t\000e\000\040\000L\000i\000m\000i\000t\000e\000r\000\040}{chapter.0.19}% 96
\BOOKMARK [1][-]{section.0.19.4}{\376\377\000\040\000R\000a\000t\000e\000\040\000L\000i\000m\000i\000t\000e\000r\000\040\000A\000l\000g\000o\000r\000i\000t\000h\000m\000s\000\040}{chapter.0.19}% 97
\BOOKMARK [1][-]{section.0.19.5}{\376\377\000\040\000Q\000u\000i\000z\000\040\000o\000n\000\040\000t\000h\000e\000\040\000R\000a\000t\000e\000\040\000L\000i\000m\000i\000t\000e\000r\040\031\000s\000\040\000D\000e\000s\000i\000g\000n\000\040}{chapter.0.19}% 98
\BOOKMARK [0][-]{chapter.0.20}{\376\377\000\040\000B\000l\000o\000b\000\040\000S\000t\000o\000r\000e\000\040}{}% 99
\BOOKMARK [1][-]{section.0.20.1}{\376\377\000\040\000S\000y\000s\000t\000e\000m\000\040\000D\000e\000s\000i\000g\000n\000:\000\040\000A\000\040\000B\000l\000o\000b\000\040\000S\000t\000o\000r\000e\000\040}{chapter.0.20}% 100
\BOOKMARK [1][-]{section.0.20.2}{\376\377\000\040\000R\000e\000q\000u\000i\000r\000e\000m\000e\000n\000t\000s\000\040\000o\000f\000\040\000a\000\040\000B\000l\000o\000b\000\040\000S\000t\000o\000r\000e\000'\000s\000\040\000D\000e\000s\000i\000g\000n\000\040}{chapter.0.20}% 101
\BOOKMARK [1][-]{section.0.20.3}{\376\377\000\040\000D\000e\000s\000i\000g\000n\000\040\000o\000f\000\040\000a\000\040\000B\000l\000o\000b\000\040\000S\000t\000o\000r\000e\000\040}{chapter.0.20}% 102
\BOOKMARK [1][-]{section.0.20.4}{\376\377\000\040\000D\000e\000s\000i\000g\000n\000\040\000C\000o\000n\000s\000i\000d\000e\000r\000a\000t\000i\000o\000n\000s\000\040\000o\000f\000\040\000a\000\040\000B\000l\000o\000b\000\040\000S\000t\000o\000r\000e\000\040}{chapter.0.20}% 103
\BOOKMARK [1][-]{section.0.20.5}{\376\377\000\040\000E\000v\000a\000l\000u\000a\000t\000i\000o\000n\000\040\000o\000f\000\040\000a\000\040\000B\000l\000o\000b\000\040\000S\000t\000o\000r\000e\000'\000s\000\040\000D\000e\000s\000i\000g\000n\000\040}{chapter.0.20}% 104
\BOOKMARK [1][-]{section.0.20.6}{\376\377\000\040\000Q\000u\000i\000z\000\040\000o\000n\000\040\000t\000h\000e\000\040\000B\000l\000o\000b\000\040\000S\000t\000o\000r\000e\000'\000s\000\040\000D\000e\000s\000i\000g\000n\000\040}{chapter.0.20}% 105
\BOOKMARK [0][-]{chapter.0.21}{\376\377\000\040\000D\000i\000s\000t\000r\000i\000b\000u\000t\000e\000d\000\040\000S\000e\000a\000r\000c\000h\000\040}{}% 106
\BOOKMARK [1][-]{section.0.21.1}{\376\377\000\040\000S\000y\000s\000t\000e\000m\000\040\000D\000e\000s\000i\000g\000n\000:\000\040\000T\000h\000e\000\040\000D\000i\000s\000t\000r\000i\000b\000u\000t\000e\000d\000\040\000S\000e\000a\000r\000c\000h\000\040}{chapter.0.21}% 107
\BOOKMARK [1][-]{section.0.21.2}{\376\377\000\040\000R\000e\000q\000u\000i\000r\000e\000m\000e\000n\000t\000s\000\040\000o\000f\000\040\000a\000\040\000D\000i\000s\000t\000r\000i\000b\000u\000t\000e\000d\000\040\000S\000e\000a\000r\000c\000h\000\040\000S\000y\000s\000t\000e\000m\000'\000s\000\040\000D\000e\000s\000i\000g\000n\000\040}{chapter.0.21}% 108
\BOOKMARK [1][-]{section.0.21.3}{\376\377\000\040\000I\000n\000d\000e\000x\000i\000n\000g\000\040\000i\000n\000\040\000a\000\040\000D\000i\000s\000t\000r\000i\000b\000u\000t\000e\000d\000\040\000S\000e\000a\000r\000c\000h\000\040}{chapter.0.21}% 109
\BOOKMARK [1][-]{section.0.21.4}{\376\377\000\040\000D\000e\000s\000i\000g\000n\000\040\000o\000f\000\040\000a\000\040\000D\000i\000s\000t\000r\000i\000b\000u\000t\000e\000d\000\040\000S\000e\000a\000r\000c\000h\000\040}{chapter.0.21}% 110
\BOOKMARK [1][-]{section.0.21.5}{\376\377\000\040\000S\000c\000a\000l\000i\000n\000g\000\040\000S\000e\000a\000r\000c\000h\000\040\000a\000n\000d\000\040\000I\000n\000d\000e\000x\000i\000n\000g\000\040}{chapter.0.21}% 111
\BOOKMARK [1][-]{section.0.21.6}{\376\377\000\040\000E\000v\000a\000l\000u\000a\000t\000i\000o\000n\000\040\000o\000f\000\040\000a\000\040\000D\000i\000s\000t\000r\000i\000b\000u\000t\000e\000d\000\040\000S\000e\000a\000r\000c\000h\000'\000s\000\040\000D\000e\000s\000i\000g\000n\000\040}{chapter.0.21}% 112
\BOOKMARK [0][-]{chapter.0.22}{\376\377\000\040\000D\000i\000s\000t\000r\000i\000b\000u\000t\000e\000d\000\040\000L\000o\000g\000g\000i\000n\000g\000\040}{}% 113
\BOOKMARK [1][-]{section.0.22.1}{\376\377\000\040\000S\000y\000s\000t\000e\000m\000\040\000D\000e\000s\000i\000g\000n\000:\000\040\000D\000i\000s\000t\000r\000i\000b\000u\000t\000e\000d\000\040\000L\000o\000g\000g\000i\000n\000g\000\040}{chapter.0.22}% 114
\BOOKMARK [1][-]{section.0.22.2}{\376\377\000\040\000I\000n\000t\000r\000o\000d\000u\000c\000t\000i\000o\000n\000\040\000t\000o\000\040\000D\000i\000s\000t\000r\000i\000b\000u\000t\000e\000d\000\040\000L\000o\000g\000g\000i\000n\000g\000\040}{chapter.0.22}% 115
\BOOKMARK [1][-]{section.0.22.3}{\376\377\000\040\000D\000e\000s\000i\000g\000n\000\040\000o\000f\000\040\000a\000\040\000D\000i\000s\000t\000r\000i\000b\000u\000t\000e\000d\000\040\000L\000o\000g\000g\000i\000n\000g\000\040\000S\000e\000r\000v\000i\000c\000e\000\040}{chapter.0.22}% 116
\BOOKMARK [0][-]{chapter.0.23}{\376\377\000\040\000D\000i\000s\000t\000r\000i\000b\000u\000t\000e\000d\000\040\000T\000a\000s\000k\000\040\000S\000c\000h\000e\000d\000u\000l\000e\000r\000\040}{}% 117
\BOOKMARK [1][-]{section.0.23.1}{\376\377\000\040\000S\000y\000s\000t\000e\000m\000\040\000D\000e\000s\000i\000g\000n\000:\000\040\000T\000h\000e\000\040\000D\000i\000s\000t\000r\000i\000b\000u\000t\000e\000d\000\040\000T\000a\000s\000k\000\040\000S\000c\000h\000e\000d\000u\000l\000e\000r\000\040}{chapter.0.23}% 118
\BOOKMARK [1][-]{section.0.23.2}{\376\377\000\040\000R\000e\000q\000u\000i\000r\000e\000m\000e\000n\000t\000s\000\040\000o\000f\000\040\000a\000\040\000D\000i\000s\000t\000r\000i\000b\000u\000t\000e\000d\000\040\000T\000a\000s\000k\000\040\000S\000c\000h\000e\000d\000u\000l\000e\000r\000'\000s\000\040\000D\000e\000s\000i\000g\000n\000\040}{chapter.0.23}% 119
\BOOKMARK [1][-]{section.0.23.3}{\376\377\000\040\000D\000e\000s\000i\000g\000n\000\040\000o\000f\000\040\000a\000\040\000D\000i\000s\000t\000r\000i\000b\000u\000t\000e\000d\000\040\000T\000a\000s\000k\000\040\000S\000c\000h\000e\000d\000u\000l\000e\000r\000\040}{chapter.0.23}% 120
\BOOKMARK [1][-]{section.0.23.4}{\376\377\000\040\000D\000e\000s\000i\000g\000n\000\040\000C\000o\000n\000s\000i\000d\000e\000r\000a\000t\000i\000o\000n\000s\000\040\000o\000f\000\040\000a\000\040\000D\000i\000s\000t\000r\000i\000b\000u\000t\000e\000d\000\040\000T\000a\000s\000k\000\040\000S\000c\000h\000e\000d\000u\000l\000e\000r\000\040}{chapter.0.23}% 121
\BOOKMARK [1][-]{section.0.23.5}{\376\377\000\040\000E\000v\000a\000l\000u\000a\000t\000i\000o\000n\000\040\000o\000f\000\040\000a\000\040\000D\000i\000s\000t\000r\000i\000b\000u\000t\000e\000d\000\040\000T\000a\000s\000k\000\040\000S\000c\000h\000e\000d\000u\000l\000e\000r\000'\000s\000\040\000D\000e\000s\000i\000g\000n\000\040}{chapter.0.23}% 122
\BOOKMARK [0][-]{chapter.0.24}{\376\377\000\040\000S\000h\000a\000r\000d\000e\000d\000\040\000C\000o\000u\000n\000t\000e\000r\000s\000\040}{}% 123
\BOOKMARK [1][-]{section.0.24.1}{\376\377\000\040\000S\000y\000s\000t\000e\000m\000\040\000D\000e\000s\000i\000g\000n\000:\000\040\000T\000h\000e\000\040\000S\000h\000a\000r\000d\000e\000d\000\040\000C\000o\000u\000n\000t\000e\000r\000s\000\040}{chapter.0.24}% 124
\BOOKMARK [1][-]{section.0.24.2}{\376\377\000\040\000H\000i\000g\000h\000-\000l\000e\000v\000e\000l\000\040\000D\000e\000s\000i\000g\000n\000\040\000o\000f\000\040\000S\000h\000a\000r\000d\000e\000d\000\040\000C\000o\000u\000n\000t\000e\000r\000s\000\040}{chapter.0.24}% 125
\BOOKMARK [1][-]{section.0.24.3}{\376\377\000\040\000D\000e\000t\000a\000i\000l\000e\000d\000\040\000D\000e\000s\000i\000g\000n\000\040\000o\000f\000\040\000S\000h\000a\000r\000d\000e\000d\000\040\000C\000o\000u\000n\000t\000e\000r\000s\000\040}{chapter.0.24}% 126
\BOOKMARK [1][-]{section.0.24.4}{\376\377\000\040\000Q\000u\000i\000z\000\040\000o\000n\000\040\000t\000h\000e\000\040\000S\000h\000a\000r\000d\000e\000d\000\040\000C\000o\000u\000n\000t\000e\000r\000s\000'\000\040\000D\000e\000s\000i\000g\000n\000\040}{chapter.0.24}% 127
\BOOKMARK [0][-]{chapter.0.25}{\376\377\000\040\000C\000o\000n\000c\000l\000u\000d\000i\000n\000g\000\040\000t\000h\000e\000\040\000B\000u\000i\000l\000d\000i\000n\000g\000\040\000B\000l\000o\000c\000k\000s\000\040\000D\000i\000s\000c\000u\000s\000s\000i\000o\000n\000\040}{}% 128
\BOOKMARK [1][-]{section.0.25.1}{\376\377\000\040\000A\000I\000\040\000E\000v\000a\000l\000u\000a\000t\000i\000o\000n\000\040\000o\000f\000\040\000B\000u\000i\000l\000d\000i\000n\000g\000\040\000B\000l\000o\000c\000k\000s\000\040\000i\000n\000\040\000E\000-\000C\000o\000m\000m\000e\000r\000c\000e\000\040\000P\000l\000a\000t\000f\000o\000r\000m\000\040}{chapter.0.25}% 129
\BOOKMARK [1][-]{section.0.25.2}{\376\377\000\040\000A\000I\000\040\000E\000v\000a\000l\000u\000a\000t\000i\000o\000n\000\040\000o\000f\000\040\000B\000u\000i\000l\000d\000i\000n\000g\000\040\000B\000l\000o\000c\000k\000s\000\040\000i\000n\000\040\000O\000n\000l\000i\000n\000e\000\040\000E\000d\000u\000c\000a\000t\000i\000o\000n\000\040\000S\000y\000s\000t\000e\000m\000\040}{chapter.0.25}% 130
\BOOKMARK [1][-]{section.0.25.3}{\376\377\000\040\000W\000r\000a\000p\000p\000i\000n\000g\000\040\000U\000p\000\040\000t\000h\000e\000\040\000B\000u\000i\000l\000d\000i\000n\000g\000\040\000B\000l\000o\000c\000k\000s\000\040\000D\000i\000s\000c\000u\000s\000s\000i\000o\000n\000\040}{chapter.0.25}% 131
\BOOKMARK [1][-]{section.0.25.4}{\376\377\000\040\000T\000h\000e\000\040\000R\000E\000S\000H\000A\000D\000E\000D\000\040\000A\000p\000p\000r\000o\000a\000c\000h\000\040\000f\000o\000r\000\040\000S\000y\000s\000t\000e\000m\000\040\000D\000e\000s\000i\000g\000n\000\040}{chapter.0.25}% 132
\BOOKMARK [0][-]{chapter.0.26}{\376\377\000\040\000D\000e\000s\000i\000g\000n\000\040\000Y\000o\000u\000T\000u\000b\000e\000\040}{}% 133
\BOOKMARK [1][-]{section.0.26.1}{\376\377\000\040\000S\000y\000s\000t\000e\000m\000\040\000D\000e\000s\000i\000g\000n\000:\000\040\000Y\000o\000u\000T\000u\000b\000e\000\040}{chapter.0.26}% 134
\BOOKMARK [1][-]{section.0.26.2}{\376\377\000\040\000R\000e\000q\000u\000i\000r\000e\000m\000e\000n\000t\000s\000\040\000o\000f\000\040\000Y\000o\000u\000T\000u\000b\000e\000'\000s\000\040\000D\000e\000s\000i\000g\000n\000\040}{chapter.0.26}% 135
\BOOKMARK [1][-]{section.0.26.3}{\376\377\000\040\000D\000e\000s\000i\000g\000n\000\040\000o\000f\000\040\000Y\000o\000u\000T\000u\000b\000e\000\040}{chapter.0.26}% 136
\BOOKMARK [1][-]{section.0.26.4}{\376\377\000\040\000E\000v\000a\000l\000u\000a\000t\000i\000o\000n\000\040\000o\000f\000\040\000Y\000o\000u\000T\000u\000b\000e\000'\000s\000\040\000D\000e\000s\000i\000g\000n\000\040}{chapter.0.26}% 137
\BOOKMARK [1][-]{section.0.26.5}{\376\377\000\040\000T\000h\000e\000\040\000R\000e\000a\000l\000i\000t\000y\000\040\000I\000s\000\040\000M\000o\000r\000e\000\040\000C\000o\000m\000p\000l\000i\000c\000a\000t\000e\000d\000\040}{chapter.0.26}% 138
\BOOKMARK [1][-]{section.0.26.6}{\376\377\000\040\000Q\000u\000i\000z\000\040\000o\000n\000\040\000Y\000o\000u\000T\000u\000b\000e\000'\000s\000\040\000D\000e\000s\000i\000g\000n\000\040}{chapter.0.26}% 139
\BOOKMARK [0][-]{chapter.0.27}{\376\377\000\040\000D\000e\000s\000i\000g\000n\000\040\000Q\000u\000o\000r\000a\000\040}{}% 140
\BOOKMARK [1][-]{section.0.27.1}{\376\377\000\040\000S\000y\000s\000t\000e\000m\000\040\000D\000e\000s\000i\000g\000n\000:\000\040\000Q\000u\000o\000r\000a\000\040}{chapter.0.27}% 141
\BOOKMARK [1][-]{section.0.27.2}{\376\377\000\040\000R\000e\000q\000u\000i\000r\000e\000m\000e\000n\000t\000s\000\040\000o\000f\000\040\000Q\000u\000o\000r\000a\000'\000s\000\040\000D\000e\000s\000i\000g\000n\000\040}{chapter.0.27}% 142
\BOOKMARK [1][-]{section.0.27.3}{\376\377\000\040\000I\000n\000i\000t\000i\000a\000l\000\040\000D\000e\000s\000i\000g\000n\000\040\000o\000f\000\040\000Q\000u\000o\000r\000a\000\040}{chapter.0.27}% 143
\BOOKMARK [1][-]{section.0.27.4}{\376\377\000\040\000F\000i\000n\000a\000l\000\040\000D\000e\000s\000i\000g\000n\000\040\000o\000f\000\040\000Q\000u\000o\000r\000a\000\040}{chapter.0.27}% 144
\BOOKMARK [1][-]{section.0.27.5}{\376\377\000\040\000E\000v\000a\000l\000u\000a\000t\000i\000o\000n\000\040\000o\000f\000\040\000Q\000u\000o\000r\000a\040\031\000s\000\040\000D\000e\000s\000i\000g\000n\000\040}{chapter.0.27}% 145
\BOOKMARK [0][-]{chapter.0.28}{\376\377\000\040\000D\000e\000s\000i\000g\000n\000\040\000G\000o\000o\000g\000l\000e\000\040\000M\000a\000p\000s\000\040}{}% 146
\BOOKMARK [1][-]{section.0.28.1}{\376\377\000\040\000S\000y\000s\000t\000e\000m\000\040\000D\000e\000s\000i\000g\000n\000:\000\040\000G\000o\000o\000g\000l\000e\000\040\000M\000a\000p\000s\000\040}{chapter.0.28}% 147
\BOOKMARK [1][-]{section.0.28.2}{\376\377\000\040\000R\000e\000q\000u\000i\000r\000e\000m\000e\000n\000t\000s\000\040\000o\000f\000\040\000G\000o\000o\000g\000l\000e\000\040\000M\000a\000p\000s\000'\000\040\000D\000e\000s\000i\000g\000n\000\040}{chapter.0.28}% 148
\BOOKMARK [1][-]{section.0.28.3}{\376\377\000\040\000D\000e\000s\000i\000g\000n\000\040\000o\000f\000\040\000G\000o\000o\000g\000l\000e\000\040\000M\000a\000p\000s\000\040}{chapter.0.28}% 149
\BOOKMARK [1][-]{section.0.28.4}{\376\377\000\040\000C\000h\000a\000l\000l\000e\000n\000g\000e\000s\000\040\000o\000f\000\040\000G\000o\000o\000g\000l\000e\000\040\000M\000a\000p\000s\000'\000\040\000D\000e\000s\000i\000g\000n\000\040}{chapter.0.28}% 150
\BOOKMARK [1][-]{section.0.28.5}{\376\377\000\040\000D\000e\000t\000a\000i\000l\000e\000d\000\040\000D\000e\000s\000i\000g\000n\000\040\000o\000f\000\040\000G\000o\000o\000g\000l\000e\000\040\000M\000a\000p\000s\000\040}{chapter.0.28}% 151
\BOOKMARK [1][-]{section.0.28.6}{\376\377\000\040\000E\000v\000a\000l\000u\000a\000t\000i\000o\000n\000\040\000o\000f\000\040\000G\000o\000o\000g\000l\000e\000\040\000M\000a\000p\000s\000'\000\040\000D\000e\000s\000i\000g\000n\000\040}{chapter.0.28}% 152
\BOOKMARK [0][-]{chapter.0.29}{\376\377\000\040\000D\000e\000s\000i\000g\000n\000\040\000a\000\040\000P\000r\000o\000x\000i\000m\000i\000t\000y\000\040\000S\000e\000r\000v\000i\000c\000e\000\040\000/\000\040\000Y\000e\000l\000p\000\040}{}% 153
\BOOKMARK [1][-]{section.0.29.1}{\376\377\000\040\000S\000y\000s\000t\000e\000m\000\040\000D\000e\000s\000i\000g\000n\000:\000\040\000Y\000e\000l\000p\000\040}{chapter.0.29}% 154
\BOOKMARK [1][-]{section.0.29.2}{\376\377\000\040\000R\000e\000q\000u\000i\000r\000e\000m\000e\000n\000t\000s\000\040\000o\000f\000\040\000Y\000e\000l\000p\040\031\000s\000\040\000D\000e\000s\000i\000g\000n\000\040}{chapter.0.29}% 155
\BOOKMARK [1][-]{section.0.29.3}{\376\377\000\040\000D\000e\000s\000i\000g\000n\000\040\000o\000f\000\040\000Y\000e\000l\000p\000\040}{chapter.0.29}% 156
\BOOKMARK [1][-]{section.0.29.4}{\376\377\000\040\000D\000e\000s\000i\000g\000n\000\040\000C\000o\000n\000s\000i\000d\000e\000r\000a\000t\000i\000o\000n\000s\000\040\000o\000f\000\040\000Y\000e\000l\000p\000\040}{chapter.0.29}% 157
\BOOKMARK [1][-]{section.0.29.5}{\376\377\000\040\000Q\000u\000i\000z\000\040\000o\000n\000\040\000Y\000e\000l\000p\000'\000s\000\040\000D\000e\000s\000i\000g\000n\000\040}{chapter.0.29}% 158
\BOOKMARK [0][-]{chapter.0.30}{\376\377\000\040\000D\000e\000s\000i\000g\000n\000\040\000U\000b\000e\000r\000\040}{}% 159
\BOOKMARK [1][-]{section.0.30.1}{\376\377\000\040\000S\000y\000s\000t\000e\000m\000\040\000D\000e\000s\000i\000g\000n\000:\000\040\000U\000b\000e\000r\000\040}{chapter.0.30}% 160
\BOOKMARK [1][-]{section.0.30.2}{\376\377\000\040\000R\000e\000q\000u\000i\000r\000e\000m\000e\000n\000t\000s\000\040\000o\000f\000\040\000U\000b\000e\000r\040\031\000s\000\040\000D\000e\000s\000i\000g\000n\000\040}{chapter.0.30}% 161
\BOOKMARK [1][-]{section.0.30.3}{\376\377\000\040\000H\000i\000g\000h\000-\000l\000e\000v\000e\000l\000\040\000D\000e\000s\000i\000g\000n\000\040\000o\000f\000\040\000U\000b\000e\000r\000\040}{chapter.0.30}% 162
\BOOKMARK [1][-]{section.0.30.4}{\376\377\000\040\000D\000e\000t\000a\000i\000l\000e\000d\000\040\000D\000e\000s\000i\000g\000n\000\040\000o\000f\000\040\000U\000b\000e\000r\000\040}{chapter.0.30}% 163
\BOOKMARK [1][-]{section.0.30.5}{\376\377\000\040\000P\000a\000y\000m\000e\000n\000t\000\040\000S\000e\000r\000v\000i\000c\000e\000\040\000a\000n\000d\000\040\000F\000r\000a\000u\000d\000\040\000D\000e\000t\000e\000c\000t\000i\000o\000n\000\040\000i\000n\000\040\000U\000b\000e\000r\000\040\000D\000e\000s\000i\000g\000n\000\040}{chapter.0.30}% 164
\BOOKMARK [1][-]{section.0.30.6}{\376\377\000\040\000E\000v\000a\000l\000u\000a\000t\000i\000o\000n\000\040\000o\000f\000\040\000U\000b\000e\000r\040\031\000s\000\040\000D\000e\000s\000i\000g\000n\000\040}{chapter.0.30}% 165
\BOOKMARK [1][-]{section.0.30.7}{\376\377\000\040\000Q\000u\000i\000z\000\040\000o\000n\000\040\000U\000b\000e\000r\000'\000s\000\040\000D\000e\000s\000i\000g\000n\000\040}{chapter.0.30}% 166
\BOOKMARK [0][-]{chapter.0.31}{\376\377\000\040\000D\000e\000s\000i\000g\000n\000\040\000T\000w\000i\000t\000t\000e\000r\000\040}{}% 167
\BOOKMARK [1][-]{section.0.31.1}{\376\377\000\040\000S\000y\000s\000t\000e\000m\000\040\000D\000e\000s\000i\000g\000n\000:\000\040\000T\000w\000i\000t\000t\000e\000r\000\040}{chapter.0.31}% 168
\BOOKMARK [1][-]{section.0.31.2}{\376\377\000\040\000R\000e\000q\000u\000i\000r\000e\000m\000e\000n\000t\000s\000\040\000o\000f\000\040\000T\000w\000i\000t\000t\000e\000r\040\031\000s\000\040\000D\000e\000s\000i\000g\000n\000\040}{chapter.0.31}% 169
\BOOKMARK [1][-]{section.0.31.3}{\376\377\000\040\000H\000i\000g\000h\000-\000l\000e\000v\000e\000l\000\040\000D\000e\000s\000i\000g\000n\000\040\000o\000f\000\040\000T\000w\000i\000t\000t\000e\000r\000\040}{chapter.0.31}% 170
\BOOKMARK [1][-]{section.0.31.4}{\376\377\000\040\000D\000e\000t\000a\000i\000l\000e\000d\000\040\000D\000e\000s\000i\000g\000n\000\040\000o\000f\000\040\000T\000w\000i\000t\000t\000e\000r\000\040}{chapter.0.31}% 171
\BOOKMARK [1][-]{section.0.31.5}{\376\377\000\040\000C\000l\000i\000e\000n\000t\000-\000s\000i\000d\000e\000\040\000L\000o\000a\000d\000\040\000B\000a\000l\000a\000n\000c\000e\000r\000\040\000f\000o\000r\000\040\000T\000w\000i\000t\000t\000e\000r\000\040}{chapter.0.31}% 172
\BOOKMARK [1][-]{section.0.31.6}{\376\377\000\040\000Q\000u\000i\000z\000\040\000o\000n\000\040\000T\000w\000i\000t\000t\000e\000r\000'\000s\000\040\000D\000e\000s\000i\000g\000n\000\040}{chapter.0.31}% 173
\BOOKMARK [0][-]{chapter.0.32}{\376\377\000\040\000D\000e\000s\000i\000g\000n\000\040\000N\000e\000w\000s\000f\000e\000e\000d\000\040\000S\000y\000s\000t\000e\000m\000\040}{}% 174
\BOOKMARK [1][-]{section.0.32.1}{\376\377\000\040\000S\000y\000s\000t\000e\000m\000\040\000D\000e\000s\000i\000g\000n\000:\000\040\000N\000e\000w\000s\000f\000e\000e\000d\000\040\000S\000y\000s\000t\000e\000m\000\040}{chapter.0.32}% 175
\BOOKMARK [1][-]{section.0.32.2}{\376\377\000\040\000R\000e\000q\000u\000i\000r\000e\000m\000e\000n\000t\000s\000\040\000o\000f\000\040\000a\000\040\000N\000e\000w\000s\000f\000e\000e\000d\000\040\000S\000y\000s\000t\000e\000m\040\031\000s\000\040\000D\000e\000s\000i\000g\000n\000\040}{chapter.0.32}% 176
\BOOKMARK [1][-]{section.0.32.3}{\376\377\000\040\000D\000e\000s\000i\000g\000n\000\040\000o\000f\000\040\000a\000\040\000N\000e\000w\000s\000f\000e\000e\000d\000\040\000S\000y\000s\000t\000e\000m\000\040}{chapter.0.32}% 177
\BOOKMARK [1][-]{section.0.32.4}{\376\377\000\040\000E\000v\000a\000l\000u\000a\000t\000i\000o\000n\000\040\000o\000f\000\040\000a\000\040\000N\000e\000w\000s\000f\000e\000e\000d\000\040\000S\000y\000s\000t\000e\000m\040\031\000s\000\040\000D\000e\000s\000i\000g\000n\000\040}{chapter.0.32}% 178
\BOOKMARK [0][-]{chapter.0.33}{\376\377\000\040\000D\000e\000s\000i\000g\000n\000\040\000I\000n\000s\000t\000a\000g\000r\000a\000m\000\040}{}% 179
\BOOKMARK [1][-]{section.0.33.1}{\376\377\000\040\000S\000y\000s\000t\000e\000m\000\040\000D\000e\000s\000i\000g\000n\000:\000\040\000I\000n\000s\000t\000a\000g\000r\000a\000m\000\040}{chapter.0.33}% 180
\BOOKMARK [1][-]{section.0.33.2}{\376\377\000\040\000R\000e\000q\000u\000i\000r\000e\000m\000e\000n\000t\000s\000\040\000o\000f\000\040\000I\000n\000s\000t\000a\000g\000r\000a\000m\040\031\000s\000\040\000D\000e\000s\000i\000g\000n\000\040}{chapter.0.33}% 181
\BOOKMARK [1][-]{section.0.33.3}{\376\377\000\040\000D\000e\000s\000i\000g\000n\000\040\000o\000f\000\040\000I\000n\000s\000t\000a\000g\000r\000a\000m\000\040}{chapter.0.33}% 182
\BOOKMARK [1][-]{section.0.33.4}{\376\377\000\040\000D\000e\000t\000a\000i\000l\000e\000d\000\040\000D\000e\000s\000i\000g\000n\000\040\000o\000f\000\040\000I\000n\000s\000t\000a\000g\000r\000a\000m\000\040}{chapter.0.33}% 183
\BOOKMARK [1][-]{section.0.33.5}{\376\377\000\040\000Q\000u\000i\000z\000\040\000o\000n\000\040\000I\000n\000s\000t\000a\000g\000r\000a\000m\040\031\000s\000\040\000D\000e\000s\000i\000g\000n\000\040}{chapter.0.33}% 184
\BOOKMARK [0][-]{chapter.0.34}{\376\377\000\040\000D\000e\000s\000i\000g\000n\000\040\000a\000\040\000U\000R\000L\000\040\000S\000h\000o\000r\000t\000e\000n\000i\000n\000g\000\040\000S\000e\000r\000v\000i\000c\000e\000\040\000/\000\040\000T\000i\000n\000y\000U\000R\000L\000\040}{}% 185
\BOOKMARK [1][-]{section.0.34.1}{\376\377\000\040\000S\000y\000s\000t\000e\000m\000\040\000D\000e\000s\000i\000g\000n\000:\000\040\000T\000i\000n\000y\000U\000R\000L\000\040}{chapter.0.34}% 186
\BOOKMARK [1][-]{section.0.34.2}{\376\377\000\040\000R\000e\000q\000u\000i\000r\000e\000m\000e\000n\000t\000s\000\040\000o\000f\000\040\000T\000i\000n\000y\000U\000R\000L\000'\000s\000\040\000D\000e\000s\000i\000g\000n\000\040}{chapter.0.34}% 187
\BOOKMARK [1][-]{section.0.34.3}{\376\377\000\040\000D\000e\000s\000i\000g\000n\000\040\000a\000n\000d\000\040\000D\000e\000p\000l\000o\000y\000m\000e\000n\000t\000\040\000o\000f\000\040\000T\000i\000n\000y\000U\000R\000L\000\040}{chapter.0.34}% 188
\BOOKMARK [1][-]{section.0.34.4}{\376\377\000\040\000E\000n\000c\000o\000d\000e\000r\000\040\000f\000o\000r\000\040\000T\000i\000n\000y\000U\000R\000L\000\040}{chapter.0.34}% 189
\BOOKMARK [1][-]{section.0.34.5}{\376\377\000\040\000E\000v\000a\000l\000u\000a\000t\000i\000o\000n\000\040\000o\000f\000\040\000T\000i\000n\000y\000U\000R\000L\000'\000s\000\040\000D\000e\000s\000i\000g\000n\000\040}{chapter.0.34}% 190
\BOOKMARK [1][-]{section.0.34.6}{\376\377\000\040\000Q\000u\000i\000z\000\040\000o\000n\000\040\000T\000i\000n\000y\000U\000R\000L\000'\000s\000\040\000D\000e\000s\000i\000g\000n\000\040}{chapter.0.34}% 191
\BOOKMARK [0][-]{chapter.0.35}{\376\377\000\040\000D\000e\000s\000i\000g\000n\000\040\000a\000\040\000W\000e\000b\000\040\000C\000r\000a\000w\000l\000e\000r\000\040}{}% 192
\BOOKMARK [1][-]{section.0.35.1}{\376\377\000\040\000S\000y\000s\000t\000e\000m\000\040\000D\000e\000s\000i\000g\000n\000:\000\040\000W\000e\000b\000\040\000C\000r\000a\000w\000l\000e\000r\000\040}{chapter.0.35}% 193
\BOOKMARK [1][-]{section.0.35.2}{\376\377\000\040\000R\000e\000q\000u\000i\000r\000e\000m\000e\000n\000t\000s\000\040\000o\000f\000\040\000a\000\040\000W\000e\000b\000\040\000C\000r\000a\000w\000l\000e\000r\000'\000s\000\040\000D\000e\000s\000i\000g\000n\000\040}{chapter.0.35}% 194
\BOOKMARK [1][-]{section.0.35.3}{\376\377\000\040\000D\000e\000s\000i\000g\000n\000\040\000o\000f\000\040\000a\000\040\000W\000e\000b\000\040\000C\000r\000a\000w\000l\000e\000r\000\040}{chapter.0.35}% 195
\BOOKMARK [1][-]{section.0.35.4}{\376\377\000\040\000D\000e\000s\000i\000g\000n\000\040\000I\000m\000p\000r\000o\000v\000e\000m\000e\000n\000t\000s\000\040\000o\000f\000\040\000a\000\040\000W\000e\000b\000\040\000C\000r\000a\000w\000l\000e\000r\000\040}{chapter.0.35}% 196
\BOOKMARK [1][-]{section.0.35.5}{\376\377\000\040\000E\000v\000a\000l\000u\000a\000t\000i\000o\000n\000\040\000o\000f\000\040\000W\000e\000b\000\040\000C\000r\000a\000w\000l\000e\000r\000'\000s\000\040\000D\000e\000s\000i\000g\000n\000\040}{chapter.0.35}% 197
\BOOKMARK [0][-]{chapter.0.36}{\376\377\000\040\000D\000e\000s\000i\000g\000n\000\040\000W\000h\000a\000t\000s\000A\000p\000p\000\040}{}% 198
\BOOKMARK [1][-]{section.0.36.1}{\376\377\000\040\000S\000y\000s\000t\000e\000m\000\040\000D\000e\000s\000i\000g\000n\000:\000\040\000W\000h\000a\000t\000s\000A\000p\000p\000\040}{chapter.0.36}% 199
\BOOKMARK [1][-]{section.0.36.2}{\376\377\000\040\000R\000e\000q\000u\000i\000r\000e\000m\000e\000n\000t\000s\000\040\000o\000f\000\040\000W\000h\000a\000t\000s\000A\000p\000p\040\031\000s\000\040\000D\000e\000s\000i\000g\000n\000\040}{chapter.0.36}% 200
\BOOKMARK [1][-]{section.0.36.3}{\376\377\000\040\000H\000i\000g\000h\000-\000l\000e\000v\000e\000l\000\040\000D\000e\000s\000i\000g\000n\000\040\000o\000f\000\040\000W\000h\000a\000t\000s\000A\000p\000p\000\040}{chapter.0.36}% 201
\BOOKMARK [1][-]{section.0.36.4}{\376\377\000\040\000D\000e\000t\000a\000i\000l\000e\000d\000\040\000D\000e\000s\000i\000g\000n\000\040\000o\000f\000\040\000W\000h\000a\000t\000s\000A\000p\000p\000\040}{chapter.0.36}% 202
\BOOKMARK [1][-]{section.0.36.5}{\376\377\000\040\000E\000v\000a\000l\000u\000a\000t\000i\000o\000n\000\040\000o\000f\000\040\000W\000h\000a\000t\000s\000A\000p\000p\040\031\000s\000\040\000D\000e\000s\000i\000g\000n\000\040}{chapter.0.36}% 203
\BOOKMARK [1][-]{section.0.36.6}{\376\377\000\040\000Q\000u\000i\000z\000\040\000o\000n\000\040\000W\000h\000a\000t\000s\000A\000p\000p\040\031\000s\000\040\000D\000e\000s\000i\000g\000n\000\040}{chapter.0.36}% 204
\BOOKMARK [0][-]{chapter.0.37}{\376\377\000\040\000D\000e\000s\000i\000g\000n\000\040\000T\000y\000p\000e\000a\000h\000e\000a\000d\000\040\000S\000u\000g\000g\000e\000s\000t\000i\000o\000n\000\040}{}% 205
\BOOKMARK [1][-]{section.0.37.1}{\376\377\000\040\000S\000y\000s\000t\000e\000m\000\040\000D\000e\000s\000i\000g\000n\000:\000\040\000T\000h\000e\000\040\000T\000y\000p\000e\000a\000h\000e\000a\000d\000\040\000S\000u\000g\000g\000e\000s\000t\000i\000o\000n\000\040\000S\000y\000s\000t\000e\000m\000\040}{chapter.0.37}% 206
\BOOKMARK [1][-]{section.0.37.2}{\376\377\000\040\000R\000e\000q\000u\000i\000r\000e\000m\000e\000n\000t\000s\000\040\000o\000f\000\040\000t\000h\000e\000\040\000T\000y\000p\000e\000a\000h\000e\000a\000d\000\040\000S\000u\000g\000g\000e\000s\000t\000i\000o\000n\000\040\000S\000y\000s\000t\000e\000m\040\031\000s\000\040\000D\000e\000s\000i\000g\000n\000\040}{chapter.0.37}% 207
\BOOKMARK [1][-]{section.0.37.3}{\376\377\000\040\000H\000i\000g\000h\000-\000l\000e\000v\000e\000l\000\040\000D\000e\000s\000i\000g\000n\000\040\000o\000f\000\040\000t\000h\000e\000\040\000T\000y\000p\000e\000a\000h\000e\000a\000d\000\040\000S\000u\000g\000g\000e\000s\000t\000i\000o\000n\000\040\000S\000y\000s\000t\000e\000m\000\040}{chapter.0.37}% 208
\BOOKMARK [1][-]{section.0.37.4}{\376\377\000\040\000D\000a\000t\000a\000\040\000S\000t\000r\000u\000c\000t\000u\000r\000e\000\040\000f\000o\000r\000\040\000S\000t\000o\000r\000i\000n\000g\000\040\000P\000r\000e\000f\000i\000x\000e\000s\000\040}{chapter.0.37}% 209
\BOOKMARK [1][-]{section.0.37.5}{\376\377\000\040\000D\000e\000t\000a\000i\000l\000e\000d\000\040\000D\000e\000s\000i\000g\000n\000\040\000o\000f\000\040\000t\000h\000e\000\040\000T\000y\000p\000e\000a\000h\000e\000a\000d\000\040\000S\000u\000g\000g\000e\000s\000t\000i\000o\000n\000\040\000S\000y\000s\000t\000e\000m\000\040}{chapter.0.37}% 210
\BOOKMARK [1][-]{section.0.37.6}{\376\377\000\040\000E\000v\000a\000l\000u\000a\000t\000i\000o\000n\000\040\000o\000f\000\040\000t\000h\000e\000\040\000T\000y\000p\000e\000a\000h\000e\000a\000d\000\040\000S\000u\000g\000g\000e\000s\000t\000i\000o\000n\000\040\000S\000y\000s\000t\000e\000m\040\031\000s\000\040\000D\000e\000s\000i\000g\000n\000\040}{chapter.0.37}% 211
\BOOKMARK [1][-]{section.0.37.7}{\376\377\000\040\000Q\000u\000i\000z\000\040\000o\000n\000\040\000t\000h\000e\000\040\000T\000y\000p\000e\000a\000h\000e\000a\000d\000\040\000S\000u\000g\000g\000e\000s\000t\000i\000o\000n\000\040\000S\000y\000s\000t\000e\000m\040\031\000s\000\040\000D\000e\000s\000i\000g\000n\000\040}{chapter.0.37}% 212
\BOOKMARK [0][-]{chapter.0.38}{\376\377\000\040\000D\000e\000s\000i\000g\000n\000\040\000a\000\040\000C\000o\000l\000l\000a\000b\000o\000r\000a\000t\000i\000v\000e\000\040\000D\000o\000c\000u\000m\000e\000n\000t\000\040\000E\000d\000i\000t\000i\000n\000g\000\040\000S\000e\000r\000v\000i\000c\000e\000\040\000/\000\040\000G\000o\000o\000g\000l\000e\000\040\000D\000o\000c\000s\000\040}{}% 213
\BOOKMARK [1][-]{section.0.38.1}{\376\377\000\040\000S\000y\000s\000t\000e\000m\000\040\000D\000e\000s\000i\000g\000n\000:\000\040\000G\000o\000o\000g\000l\000e\000\040\000D\000o\000c\000s\000\040}{chapter.0.38}% 214
\BOOKMARK [1][-]{section.0.38.2}{\376\377\000\040\000R\000e\000q\000u\000i\000r\000e\000m\000e\000n\000t\000s\000\040\000o\000f\000\040\000G\000o\000o\000g\000l\000e\000\040\000D\000o\000c\000s\040\031\000\040\000D\000e\000s\000i\000g\000n\000\040}{chapter.0.38}% 215
\BOOKMARK [1][-]{section.0.38.3}{\376\377\000\040\000D\000e\000s\000i\000g\000n\000\040\000o\000f\000\040\000G\000o\000o\000g\000l\000e\000\040\000D\000o\000c\000s\000\040}{chapter.0.38}% 216
\BOOKMARK [1][-]{section.0.38.4}{\376\377\000\040\000C\000o\000n\000c\000u\000r\000r\000e\000n\000c\000y\000\040\000i\000n\000\040\000C\000o\000l\000l\000a\000b\000o\000r\000a\000t\000i\000v\000e\000\040\000E\000d\000i\000t\000i\000n\000g\000\040}{chapter.0.38}% 217
\BOOKMARK [1][-]{section.0.38.5}{\376\377\000\040\000E\000v\000a\000l\000u\000a\000t\000i\000o\000n\000\040\000o\000f\000\040\000G\000o\000o\000g\000l\000e\000\040\000D\000o\000c\000s\040\031\000\040\000D\000e\000s\000i\000g\000n\000\040}{chapter.0.38}% 218
\BOOKMARK [0][-]{chapter.0.39}{\376\377\000\040\000S\000p\000e\000c\000t\000a\000c\000u\000l\000a\000r\000\040\000F\000a\000i\000l\000u\000r\000e\000s\000\040}{}% 219
\BOOKMARK [1][-]{section.0.39.1}{\376\377\000\040\000I\000n\000t\000r\000o\000d\000u\000c\000t\000i\000o\000n\000\040\000t\000o\000\040\000D\000i\000s\000t\000r\000i\000b\000u\000t\000e\000d\000\040\000S\000y\000s\000t\000e\000m\000\040\000F\000a\000i\000l\000u\000r\000e\000s\000\040}{chapter.0.39}% 220
\BOOKMARK [1][-]{section.0.39.2}{\376\377\000\040\000F\000a\000c\000e\000b\000o\000o\000k\000,\000\040\000W\000h\000a\000t\000s\000A\000p\000p\000,\000\040\000I\000n\000s\000t\000a\000g\000r\000a\000m\000,\000\040\000O\000c\000u\000l\000u\000s\000\040\000O\000u\000t\000a\000g\000e\000\040}{chapter.0.39}% 221
\BOOKMARK [1][-]{section.0.39.3}{\376\377\000\040\000A\000W\000S\000\040\000K\000i\000n\000e\000s\000i\000s\000\040\000O\000u\000t\000a\000g\000e\000\040\000A\000f\000f\000e\000c\000t\000i\000n\000g\000\040\000M\000a\000n\000y\000\040\000O\000r\000g\000a\000n\000i\000z\000a\000t\000i\000o\000n\000s\000\040}{chapter.0.39}% 222
\BOOKMARK [1][-]{section.0.39.4}{\376\377\000\040\000A\000W\000S\000\040\000W\000i\000d\000e\000\040\000S\000p\000r\000e\000a\000d\000\040\000O\000u\000t\000a\000g\000e\000\040}{chapter.0.39}% 223
\BOOKMARK [0][-]{chapter.0.40}{\376\377\000\040\000C\000o\000n\000c\000l\000u\000d\000i\000n\000g\000\040\000R\000e\000m\000a\000r\000k\000s\000\040}{}% 224
\BOOKMARK [1][-]{section.0.40.1}{\376\377\000\040\000C\000o\000n\000c\000l\000u\000s\000i\000o\000n\000s\000\040}{chapter.0.40}% 225
\BOOKMARK [0][-]{chapter.0.41}{\376\377\000\040\000R\000e\000c\000o\000v\000e\000r\000e\000d\000\040\000L\000e\000s\000s\000o\000n\000s\000\040}{}% 226
\BOOKMARK [1][-]{section.0.41.1}{\376\377\000N\000o\000\040\000S\000e\000c\000t\000i\000o\000n\000s\000\040\000A\000v\000a\000i\000l\000a\000b\000l\000e}{chapter.0.41}% 227
